# callgrind format
version: 1
creator: pprofile
event: usphit :microseconds/hit
events: hits microseconds usphit
cmd: ./send_reminders.py '2020-01-13|Example|test1,test2,test3,test4,test5,test6,test7,test8,test9'
fl=/usr/lib/python3.12/hashlib.py
fn=<module>:1
0 1 30 30
5 1 35 35
58 1 18 18
64 1 20 20
65 1 19 19
67 1 18 18
71 1 18 18
78 1 17 17
79 1 17 17
82 1 17 17
126 1 26 26
144 1 19 19
152 1 18 18
169 1 17 17
170 1 19 19
171 1 18 18
172 1 17 17
173 2 41 20
174 1 18 18
180 1 10 10
182 1 20 20
183 1 24 24
188 1 18 18
190 1 19 19
195 1 19 19
241 15 211 14
244 14 274 19
245 14 630 45
cfl=/usr/lib/python3.12/hashlib.py
cfn=__get_openssl_constructor:126
calls=14 126
245 14 4125 294
252 1 28 28
253 1 116 116
fn=__get_builtin_constructor:82
82 2 19 9
83 2 16 8
84 2 21 10
85 2 28 14
86 1 5 5
87 1 27 27
88 1 22 22
91 1 9 9
94 1 9 9
98 1 9 9
102 1 8 8
103 1 41 41
cfl=<frozen importlib._bootstrap>
cfn=_find_and_load:1349
calls=1 1349
103 1 3020 3020
104 1 26 26
105 1 11 11
119 1 9 9
120 1 9 9
121 1 8 8
fn=__get_openssl_constructor:126
126 14 168 12
127 14 68 4
129 2 90 45
cfl=/usr/lib/python3.12/hashlib.py
cfn=__get_builtin_constructor:82
calls=2 82
129 2 3305 1652
130 12 51 4
133 12 148 12
137 12 234 19
139 12 57 4
fl=/usr/lib/python3.12/email/contentmanager.py
fn=set_content:30
30 1 6 6
31 1 29 29
cfl=/usr/lib/python3.12/email/message.py
cfn=get_content_maintype:620
calls=1 620
31 1 149 149
35 1 38 38
cfl=/usr/lib/python3.12/email/contentmanager.py
cfn=_find_set_handler:39
calls=1 39
35 1 41 41
36 1 60 60
cfl=/usr/lib/python3.12/email/message.py
cfn=clear_content:1194
calls=1 1194
36 1 223 223
37 1 67 67
cfl=/usr/lib/python3.12/email/contentmanager.py
cfn=set_text_content:183
calls=1 183
37 1 33873 33873
fn=_find_set_handler:39
39 1 9 9
40 1 8 8
41 1 8 8
42 1 7 7
43 1 7 7
fn=set_text_content:183
183 1 22 22
186 1 52 52
cfl=/usr/lib/python3.12/email/contentmanager.py
cfn=_prepare_set:97
calls=1 97
186 1 6150 6150
187 1 118 118
cfl=/usr/lib/python3.12/email/contentmanager.py
cfn=_encode_text:144
calls=1 144
187 1 3474 3474
188 1 81 81
cfl=/usr/lib/python3.12/email/message.py
cfn=set_payload:331
calls=1 331
188 1 473 473
189 2 161 80
cfl=/usr/lib/python3.12/email/message.py
cfn=set_param:733
calls=1 733
189 1 20244 20244
190 1 19 19
191 1 14 14
192 1 46 46
cfl=/usr/lib/python3.12/email/message.py
cfn=__setitem__:421
calls=1 421
192 1 2870 2870
193 1 58 58
cfl=/usr/lib/python3.12/email/contentmanager.py
cfn=_finalize_set:114
calls=1 114
193 1 84 84
fn=_prepare_set:97
97 1 17 17
98 1 39 39
cfl=/usr/lib/python3.12/email/message.py
cfn=__setitem__:421
calls=1 421
98 1 6084 6084
99 1 9 9
fn=_encode_text:144
144 1 24 24
145 1 76 76
146 1 23 23
147 1 12 12
148 1 21 21
149 1 11 11
151 1 142 142
cfl=/usr/lib/python3.12/email/contentmanager.py
cfn=<genexpr>:151
calls=7 151
151 7 152 21
158 1 34 34
cfl=/usr/lib/python3.12/email/contentmanager.py
cfn=embedded_body:147
calls=1 147
158 1 19 19
159 2 133 66
cfl=/usr/lib/python3.12/email/quoprimime.py
cfn=body_encode:153
calls=1 153
159 1 999 999
160 1 11 11
161 1 23 23
163 1 31 31
166 1 28 28
167 1 27 27
168 1 1700 1700
fn=embedded_body:147
147 2 19 9
fn=<genexpr>:151
151 14 152 10
fn=_finalize_set:114
114 1 15 15
115 1 14 14
117 1 13 13
119 1 13 13
124 1 14 14
126 1 13 13
fl=/usr/lib/python3.12/email/quoprimime.py
fn=body_encode:153
153 1 17 17
172 1 20 20
174 1 10 10
178 1 15 15
180 1 10 10
182 1 16 16
184 1 15 15
185 1 10 10
187 7 149 21
189 6 174 29
190 6 73 12
191 7 222 31
192 1 5 5
194 1 12 12
197 1 9 9
201 1 10 10
202 1 9 9
205 6 77 12
220 6 72 12
223 1 16 16
224 1 27 27
226 1 21 21
fl=/usr/lib/python3.12/re/__init__.py
fn=compile:226
226 13 371 28
228 13 386 29
cfl=/usr/lib/python3.12/re/__init__.py
cfn=_compile:280
calls=13 280
228 13 302814 23293
fn=_compile:280
280 13 107 8
282 13 165 12
283 3 105 35
cfl=/usr/lib/python3.12/enum.py
cfn=__get__:202
calls=3 202
283 3 236 78
284 13 109 8
285 13 131 10
286 7 74 10
287 7 67 9
289 7 64 9
291 7 72 10
292 7 59 8
293 7 62 8
298 7 242 34
cfl=/usr/lib/python3.12/re/_compiler.py
cfn=isstring:570
calls=7 570
298 7 140 20
300 7 437 62
cfl=/usr/lib/python3.12/enum.py
cfn=__and__:1562
calls=7 1562
300 7 3276 468
307 7 315 45
cfl=/usr/lib/python3.12/re/_compiler.py
cfn=compile:740
calls=7 740
307 7 294330 42047
308 7 340 48
cfl=/usr/lib/python3.12/enum.py
cfn=__and__:1562
calls=7 1562
308 7 2028 289
310 7 73 10
320 7 105 15
322 7 60 8
328 7 56 8
329 7 150 21
fn=escape:255
255 44 363 8
259 44 496 11
260 44 665 15
fn=_compile_template:331
331 2 12 6
334 2 150 75
cfl=/usr/lib/python3.12/re/_parser.py
cfn=parse_template:996
calls=2 996
334 2 2626 1313
fl=/usr/lib/python3.12/smtplib.py
fn=<module>:1
0 1 131 131
3 1 108 108
44 1 161 161
45 1 138 138
46 1 142 142
47 1 103 103
48 1 110 110
49 1 412 412
cfl=<frozen importlib._bootstrap>
cfn=_find_and_load:1349
calls=1 1349
49 1 108068 108068
50 1 132 132
51 1 286 286
cfl=<frozen importlib._bootstrap>
cfn=_find_and_load:1349
calls=1 1349
51 1 76836 76836
52 1 84 84
53 1 128 128
54 1 105 105
55 1 100 100
57 1 83 83
62 1 82 82
63 1 82 82
64 1 83 83
65 1 82 82
66 1 81 81
67 1 82 82
69 1 2086 2086
cfl=/usr/lib/python3.12/re/__init__.py
cfn=compile:226
calls=1 226
69 1 15458 15458
72 1 596 596
cfl=/usr/lib/python3.12/smtplib.py
cfn=SMTPException:72
calls=1 72
72 1 202 202
75 1 292 292
cfl=/usr/lib/python3.12/smtplib.py
cfn=SMTPNotSupportedError:75
calls=1 75
75 1 101 101
82 1 277 277
cfl=/usr/lib/python3.12/smtplib.py
cfn=SMTPServerDisconnected:82
calls=1 82
82 1 130 130
90 1 443 443
cfl=/usr/lib/python3.12/smtplib.py
cfn=SMTPResponseException:90
calls=1 90
90 1 153 153
104 1 905 905
cfl=/usr/lib/python3.12/smtplib.py
cfn=SMTPSenderRefused:104
calls=1 104
104 1 137 137
117 1 371 371
cfl=/usr/lib/python3.12/smtplib.py
cfn=SMTPRecipientsRefused:117
calls=1 117
117 1 112 112
130 1 513 513
cfl=/usr/lib/python3.12/smtplib.py
cfn=SMTPDataError:130
calls=1 130
130 1 148 148
133 1 356 356
cfl=/usr/lib/python3.12/smtplib.py
cfn=SMTPConnectError:133
calls=1 133
133 1 130 130
136 1 246 246
cfl=/usr/lib/python3.12/smtplib.py
cfn=SMTPHeloError:136
calls=1 136
136 1 92 92
139 1 226 226
cfl=/usr/lib/python3.12/smtplib.py
cfn=SMTPAuthenticationError:139
calls=1 139
139 1 100 100
146 1 80 80
159 1 81 81
167 1 80 80
176 1 108 108
179 1 87 87
182 1 89 89
183 1 306 306
cfl=<frozen importlib._bootstrap>
cfn=_find_and_load:1349
calls=1 1349
183 1 573563 573563
187 1 98 98
190 1 466 466
cfl=/usr/lib/python3.12/smtplib.py
cfn=SMTP:190
calls=1 190
190 1 5937 5937
1001 1 97 97
1003 1 471 471
cfl=/usr/lib/python3.12/smtplib.py
cfn=SMTP_SSL:1003
calls=1 1003
1003 1 181 181
1033 1 236 236
1038 1 113 113
1040 1 562 562
cfl=/usr/lib/python3.12/smtplib.py
cfn=LMTP:1040
calls=1 1040
1040 1 335 335
1092 1 209 209
fn=SMTPException:72
72 2 191 95
73 1 10 10
fn=SMTPNotSupportedError:75
75 2 96 48
76 1 4 4
fn=SMTPServerDisconnected:82
82 2 125 62
83 1 4 4
fn=SMTPResponseException:90
90 2 138 69
91 1 6 6
99 1 7 7
fn=SMTPSenderRefused:104
104 2 124 62
105 1 5 5
111 1 7 7
fn=SMTPRecipientsRefused:117
117 2 101 50
118 1 4 4
125 1 6 6
fn=SMTPDataError:130
130 2 142 71
131 1 5 5
fn=SMTPConnectError:133
133 2 126 63
134 1 4 4
fn=SMTPHeloError:136
136 2 87 43
137 1 4 4
fn=SMTPAuthenticationError:139
139 2 96 48
140 1 4 4
fn=SMTP:190
190 2 325 162
191 1 64 64
219 1 112 112
221 1 154 154
222 1 124 124
223 1 117 117
224 1 137 137
225 1 168 168
226 1 231 231
227 1 442 442
229 2 237 118
230 1 138 138
231 1 128 128
277 1 341 341
280 1 107 107
290 1 68 68
299 1 70 70
305 1 322 322
315 1 205 205
348 1 99 99
367 1 76 76
380 1 69 69
429 1 70 70
435 1 67 67
445 1 68 68
496 1 114 114
500 1 98 98
506 1 103 103
511 1 92 92
523 1 78 78
527 1 68 68
548 1 68 68
556 1 67 67
585 1 87 87
590 1 67 67
592 1 72 72
599 1 66 66
616 1 68 68
664 1 82 82
673 1 148 148
678 1 79 79
686 1 68 68
752 1 67 67
797 2 134 67
798 1 75 75
901 2 102 51
902 1 66 66
978 1 36 36
991 1 65 65
fn=SMTP_SSL:1003
1003 2 119 59
1004 1 5 5
1014 1 7 7
1016 2 14 7
1017 1 16 16
1018 1 11 11
1025 1 6 6
fn=LMTP:1040
1040 2 223 111
1041 1 16 16
1054 1 18 18
1056 2 41 20
1057 1 20 20
1062 1 14 14
fl=/usr/lib/python3.12/_strptime.py
fn=<module>:1
0 1 135 135
1 1 89 89
13 1 65 65
14 1 73 73
15 1 63 63
16 1 168 168
cfl=<frozen importlib._bootstrap>
cfn=_handle_fromlist:1390
calls=1 1390
16 1 102 102
17 1 259 259
cfl=<frozen importlib._bootstrap>
cfn=_handle_fromlist:1390
calls=1 1390
17 1 72 72
18 1 214 214
cfl=<frozen importlib._bootstrap>
cfn=_handle_fromlist:1390
calls=1 1390
18 1 75 75
19 1 67 67
22 1 64 64
24 1 61 61
26 1 74 74
30 1 239 239
cfl=/usr/lib/python3.12/_strptime.py
cfn=LocaleTime:30
calls=1 30
30 1 230 230
170 1 221 221
cfl=/usr/lib/python3.12/_strptime.py
cfn=TimeRE:170
calls=1 170
170 1 170 170
265 1 64 64
268 1 348 348
cfl=/usr/lib/python3.12/_strptime.py
cfn=__init__:173
calls=1 173
268 1 67352 67352
269 1 70 70
270 1 64 64
272 1 78 78
293 1 62 62
545 1 60 60
551 1 60 60
fn=_getlang:26
26 3 55 18
28 3 800 266
cfl=/usr/lib/python3.12/locale.py
cfn=getlocale:582
calls=3 582
28 3 1919 639
fn=LocaleTime:30
30 2 96 48
31 1 11 11
49 1 25 25
80 1 19 19
88 1 19 19
95 1 20 20
107 1 19 19
152 1 18 18
fn=__init__:49
49 1 11 11
69 1 112 112
cfl=/usr/lib/python3.12/_strptime.py
cfn=_getlang:26
calls=1 26
69 1 1968 1968
70 1 81 81
cfl=/usr/lib/python3.12/_strptime.py
cfn=__calc_weekday:80
calls=1 80
70 1 1955 1955
71 1 85 85
cfl=/usr/lib/python3.12/_strptime.py
cfn=__calc_month:88
calls=1 88
71 1 3025 3025
72 1 57 57
cfl=/usr/lib/python3.12/_strptime.py
cfn=__calc_am_pm:95
calls=1 95
72 1 211 211
73 1 35 35
cfl=/usr/lib/python3.12/_strptime.py
cfn=__calc_timezone:152
calls=1 152
73 1 138 138
74 1 154 154
cfl=/usr/lib/python3.12/_strptime.py
cfn=__calc_date_time:107
calls=1 107
74 1 2234 2234
75 1 64 64
cfl=/usr/lib/python3.12/_strptime.py
cfn=_getlang:26
calls=1 26
75 1 549 549
77 1 24 24
fn=__calc_weekday:80
80 1 15 15
83 8 418 52
cfl=/usr/lib/python3.12/calendar.py
cfn=__getitem__:121
calls=7 121
83 7 604 86
84 8 408 51
cfl=/usr/lib/python3.12/calendar.py
cfn=__getitem__:121
calls=7 121
84 7 475 67
85 1 11 11
86 1 21 21
fn=__calc_month:88
88 1 14 14
90 14 529 37
cfl=/usr/lib/python3.12/calendar.py
cfn=__getitem__:102
calls=13 102
90 13 783 60
91 14 925 66
cfl=/usr/lib/python3.12/calendar.py
cfn=__getitem__:102
calls=13 102
91 13 711 54
92 1 11 11
93 1 49 49
fn=__calc_am_pm:95
95 1 34 34
101 1 17 17
102 3 30 10
103 2 88 44
104 2 35 17
105 1 5 5
fn=__calc_date_time:107
107 1 21 21
115 1 12 12
116 1 10 10
117 1 15 15
118 1 13 13
119 1 11 11
120 2 21 10
121 1 11 11
122 1 10 10
123 1 10 10
124 1 15 15
125 1 10 10
127 1 9 9
128 13 90 6
129 6 40 6
130 4 38 9
131 3 29 9
132 66 480 7
137 63 648 10
138 63 492 7
142 3 36 12
143 3 52 17
146 3 31 10
147 3 41 13
148 1 15 15
149 1 33 33
150 1 28 28
fn=__calc_timezone:152
152 1 9 9
156 1 6 6
157 1 65 65
160 1 9 9
161 1 7 7
162 1 9 9
163 1 16 16
164 1 7 7
167 1 7 7
fn=TimeRE:170
170 2 88 44
171 1 9 9
173 1 16 16
219 1 22 22
238 1 15 15
261 1 17 17
fn=__init__:173
173 1 72 72
179 1 11 11
182 1 65 65
cfl=/usr/lib/python3.12/_strptime.py
cfn=__init__:49
calls=1 49
182 1 10711 10711
183 1 22 22
184 19 588 30
186 1 20 20
187 1 13 13
188 1 16 16
189 1 16 16
190 1 15 15
191 1 17 17
192 1 12 12
193 1 15 15
194 1 17 17
195 1 13 13
196 1 13 13
197 1 13 13
198 1 18 18
200 1 19 19
203 1 17 17
204 1 16 16
205 1 175 175
cfl=/usr/lib/python3.12/_strptime.py
cfn=__seqToRE:219
calls=1 219
205 1 1588 1588
206 1 227 227
cfl=/usr/lib/python3.12/_strptime.py
cfn=__seqToRE:219
calls=1 219
206 1 639 639
207 1 139 139
cfl=/usr/lib/python3.12/_strptime.py
cfn=__seqToRE:219
calls=1 219
207 1 1527 1527
208 1 91 91
cfl=/usr/lib/python3.12/_strptime.py
cfn=__seqToRE:219
calls=1 219
208 1 1297 1297
209 1 82 82
cfl=/usr/lib/python3.12/_strptime.py
cfn=__seqToRE:219
calls=1 219
209 1 355 355
210 2 99 49
cfl=/usr/lib/python3.12/_strptime.py
cfn=__seqToRE:219
calls=1 219
210 1 874 874
212 1 21 21
213 1 11 11
214 1 23 23
215 1 67 67
cfl=/usr/lib/python3.12/_strptime.py
cfn=pattern:238
calls=1 238
215 1 47795 47795
216 1 39 39
cfl=/usr/lib/python3.12/_strptime.py
cfn=pattern:238
calls=1 238
216 1 297 297
217 1 37 37
cfl=/usr/lib/python3.12/_strptime.py
cfn=pattern:238
calls=1 238
217 1 226 226
fn=__seqToRE:219
219 6 128 21
228 6 286 47
cfl=/usr/lib/python3.12/_strptime.py
cfn=<genexpr>:210
calls=5 210
228 5 331 66
229 6 99 16
230 6 100 16
231 6 80 13
234 6 1350 225
cfl=/usr/lib/python3.12/_strptime.py
cfn=<genexpr>:234
calls=50 234
234 50 3716 74
235 6 79 13
236 6 108 18
fn=pattern:238
238 4 46 11
245 4 25 6
249 4 68 17
cfl=/usr/lib/python3.12/re/__init__.py
cfn=compile:226
calls=4 226
249 4 35215 8803
250 4 66 16
cfl=/usr/lib/python3.12/re/__init__.py
cfn=_compile_template:331
calls=1 331
250 1 1745 1745
251 4 90 22
cfl=/usr/lib/python3.12/re/__init__.py
cfn=compile:226
calls=4 226
251 4 9647 2411
252 4 61 15
cfl=/usr/lib/python3.12/re/__init__.py
cfn=_compile_template:331
calls=1 331
252 1 1044 1044
253 20 95 4
254 16 91 5
255 32 143 4
256 16 69 4
257 16 74 4
258 16 68 4
259 4 18 4
fn=compile:261
261 1 39 39
263 1 53 53
cfl=/usr/lib/python3.12/_strptime.py
cfn=pattern:238
calls=1 238
263 1 251 251
cfl=/usr/lib/python3.12/re/__init__.py
cfn=compile:226
calls=1 226
263 1 171608 171608
fn=<genexpr>:234
234 100 2191 21
cfl=/usr/lib/python3.12/re/__init__.py
cfn=escape:255
calls=44 255
234 44 1525 34
fn=<genexpr>:210
210 18 272 15
211 6 59 9
fn=_strptime:293
293 1 56 56
298 3 78 26
299 2 49 24
304 2 59 29
305 1 29 29
306 1 80 80
cfl=/usr/lib/python3.12/_strptime.py
cfn=_getlang:26
calls=1 26
306 1 257 257
307 1 32 32
308 1 30 30
312 1 29 29
314 1 37 37
315 1 29 29
316 1 28 28
317 1 131 131
cfl=/usr/lib/python3.12/_strptime.py
cfn=compile:261
calls=1 261
317 1 171953 171953
330 1 67 67
331 1 34 34
332 1 65 65
335 1 79 79
339 1 70 70
340 1 109 109
341 1 59 59
342 1 64 64
343 1 59 59
344 1 52 52
345 1 54 54
346 1 110 110
349 1 221 221
350 1 95 95
351 4 298 74
357 3 158 52
366 3 152 50
367 1 56 56
368 2 90 45
370 2 118 59
371 1 86 86
372 1 37 37
374 1 68 68
376 1 68 68
377 1 77 77
471 1 96 96
480 1 97 97
490 1 54 54
491 1 51 51
500 1 282 282
515 1 113 113
520 3 298 99
521 2 169 84
530 1 45 45
531 1 85 85
533 1 72 72
535 1 114 114
541 3 288 96
542 1 144 144
543 2 146 73
fn=_strptime_datetime:551
551 1 7 7
554 1 308 308
cfl=/usr/lib/python3.12/_strptime.py
cfn=_strptime:293
calls=1 293
554 1 177303 177303
555 1 34 34
556 1 24 24
557 1 17 17
565 1 25 25
fl=/usr/lib/python3.12/enum.py
fn=__and__:1562
1562 14 154 11
1563 14 352 25
cfl=/usr/lib/python3.12/enum.py
cfn=_get_value:1544
calls=14 1544
1563 14 901 64
1564 14 100 7
1567 42 505 12
1568 28 636 22
cfl=/usr/lib/python3.12/enum.py
cfn=_get_value:1544
calls=28 1544
1568 28 642 22
1570 14 91 6
1571 14 420 30
cfl=/usr/lib/python3.12/enum.py
cfn=__call__:726
calls=14 726
1571 14 1498 107
fn=_get_value:1544
1544 42 705 16
1545 42 338 8
1546 14 134 9
1547 28 198 7
1548 28 165 5
fn=__call__:726
726 14 117 8
753 14 182 13
755 14 99 7
757 14 538 38
cfl=/usr/lib/python3.12/enum.py
cfn=__new__:1129
calls=14 1129
757 14 561 40
fn=__new__:1129
1129 14 161 11
1133 14 144 10
1138 14 123 8
1139 14 131 9
fn=__get__:202
202 4 160 40
203 4 39 9
204 1 5 5
205 1 10 10
210 3 32 10
212 3 89 29
cfl=/usr/lib/python3.12/enum.py
cfn=value:1292
calls=3 1292
212 3 45 15
fn=value:1292
1292 3 23 7
1295 3 21 7
fn=_convert_:919
919 6 1177 196
928 6 279 46
929 6 208 34
930 6 132 22
936 762 12937 16
937 756 14849 19
938 762 14918 19
939 756 48686 64
cfl=/usr/lib/python3.12/ssl.py
cfn=<lambda>:125
calls=126 125
939 126 2173 17
cfl=/usr/lib/python3.12/ssl.py
cfn=<lambda>:130
calls=126 130
939 126 5062 40
cfl=/usr/lib/python3.12/ssl.py
cfn=<lambda>:135
calls=126 135
939 126 1932 15
cfl=/usr/lib/python3.12/ssl.py
cfn=<lambda>:140
calls=126 140
939 126 5019 39
cfl=/usr/lib/python3.12/ssl.py
cfn=<lambda>:145
calls=126 145
939 126 7771 61
cfl=/usr/lib/python3.12/ssl.py
cfn=<lambda>:150
calls=126 150
939 126 1796 14
940 6 112 18
942 6 2473 412
cfl=/usr/lib/python3.12/enum.py
cfn=<lambda>:942
calls=69 942
942 69 1875 27
946 75 1624 21
947 6 82 13
948 6 469 78
949 6 1531 255
cfl=/usr/lib/python3.12/enum.py
cfn=_simple_enum:1692
calls=6 1692
949 6 648 108
cfl=/usr/lib/python3.12/enum.py
cfn=convert_class:1708
calls=6 1708
949 6 232910 38818
950 6 119 19
953 6 516 86
cfl=/usr/lib/python3.12/enum.py
cfn=__members__:828
calls=6 828
953 6 207 34
954 6 112 18
955 6 100 16
fn=<lambda>:942
942 138 1875 13
fn=_simple_enum:1692
1692 10 990 99
1708 10 320 32
1860 10 268 26
fn=convert_class:1708
1708 10 588 58
1710 10 426 42
1711 10 297 29
1712 10 224 22
1713 10 278 27
1714 10 226 22
1717 10 230 23
1718 10 219 21
1719 10 269 26
1720 10 260 26
1722 10 211 21
1723 10 241 24
1724 10 265 26
1725 10 292 29
1726 10 238 23
1727 10 243 24
1728 10 247 24
1729 10 259 25
1730 10 266 26
1731 10 299 29
1732 2 67 33
1733 2 103 51
1734 2 157 78
1735 2 93 46
1736 2 77 38
1737 2 85 42
1738 2 78 39
1739 2 77 38
1740 2 87 43
1741 2 81 40
1742 2 81 40
1743 2 122 61
1744 188 5656 30
1745 178 4335 24
1746 20 402 20
1747 158 42981 272
cfl=/usr/lib/python3.12/enum.py
cfn=_is_dunder:48
calls=158 48
1747 158 11015 69
cfl=/usr/lib/python3.12/enum.py
cfn=_is_private:79
calls=138 79
1747 138 10577 76
cfl=/usr/lib/python3.12/enum.py
cfn=_is_sunder:59
calls=138 59
1747 138 11533 83
cfl=/usr/lib/python3.12/enum.py
cfn=_is_descriptor:38
calls=138 38
1747 138 9161 66
1748 20 451 22
1750 138 3227 23
1751 10 262 26
1752 7 195 27
1758 10 1741 174
cfl=/usr/lib/python3.12/enum.py
cfn=__new__:528
calls=10 528
1758 10 2573 257
1759 50 1270 25
1760 40 858 21
1762 40 974 24
1763 40 962 24
1764 40 897 22
1765 40 861 21
1766 40 1042 26
1767 10 1480 148
cfl=/usr/lib/python3.12/enum.py
cfn=__setattr__:850
calls=10 850
1767 10 717 71
1768 10 224 22
1769 10 269 26
1771 2 65 32
1772 26 744 28
1773 24 698 29
1775 24 676 28
1777 2 86 43
1778 2 386 193
cfl=/usr/lib/python3.12/types.py
cfn=__init__:192
calls=2 192
1778 2 358 179
1779 2 145 72
1780 2 354 177
cfl=/usr/lib/python3.12/enum.py
cfn=__set_name__:241
calls=2 241
1780 2 133 66
1781 2 435 217
cfl=/usr/lib/python3.12/enum.py
cfn=__setattr__:850
calls=2 850
1781 2 377 188
1782 2 131 65
1785 22 580 26
1786 22 542 24
1787 22 529 24
1788 22 630 28
1789 22 581 26
1792 22 514 23
1793 22 582 26
1794 22 582 26
1795 22 557 25
1796 22 3723 169
cfl=/usr/lib/python3.12/enum.py
cfn=__init__:1185
calls=22 1185
1796 22 1240 56
1797 22 1908 86
cfl=/usr/lib/python3.12/types.py
cfn=__init__:192
calls=22 192
1797 22 1733 78
1798 22 635 28
1799 22 1840 83
cfl=/usr/lib/python3.12/enum.py
cfn=__set_name__:241
calls=22 241
1799 22 914 41
1800 22 3087 140
cfl=/usr/lib/python3.12/enum.py
cfn=__setattr__:850
calls=22 850
1800 22 2500 113
1801 22 566 25
1802 22 548 24
1803 22 729 33
1804 22 1754 79
cfl=/usr/lib/python3.12/enum.py
cfn=_is_single_bit:93
calls=22 93
1804 22 1172 53
1806 18 568 31
1807 18 533 29
1809 4 154 38
1810 22 520 23
1811 2 185 92
cfl=/usr/lib/python3.12/enum.py
cfn=__setattr__:850
calls=2 850
1811 2 150 75
1812 2 178 89
cfl=/usr/lib/python3.12/enum.py
cfn=__setattr__:850
calls=2 850
1812 2 94 47
1813 2 154 77
cfl=/usr/lib/python3.12/enum.py
cfn=__setattr__:850
calls=2 850
1813 2 83 41
1815 20 1772 88
cfl=/usr/lib/python3.12/enum.py
cfn=__iter__:816
calls=2 816
1815 2 80 40
cfl=/usr/lib/python3.12/enum.py
cfn=<genexpr>:820
calls=20 820
1815 20 696 34
1816 2 48 24
1820 122 7218 59
1821 114 4245 37
1825 114 4275 37
1835 114 3383 29
1836 114 5325 46
1837 114 3251 28
1838 114 3256 28
1839 114 2911 25
1842 114 2699 23
1843 114 3091 27
1844 114 3423 30
1845 114 3777 33
1846 114 12184 106
cfl=/usr/lib/python3.12/enum.py
cfn=__init__:1185
calls=114 1185
1846 114 5834 51
1847 114 7742 67
1848 114 12260 107
cfl=/usr/lib/python3.12/types.py
cfn=__init__:192
calls=114 192
1848 114 14324 125
1849 114 3170 27
1850 114 11248 98
cfl=/usr/lib/python3.12/enum.py
cfn=__set_name__:241
calls=114 241
1850 114 7560 66
1851 114 14328 125
cfl=/usr/lib/python3.12/enum.py
cfn=__setattr__:850
calls=114 850
1851 114 9553 83
1852 114 11074 97
1853 114 3190 27
1854 114 3023 26
1855 114 2860 25
1856 10 253 25
1858 10 1261 126
cfl=/usr/lib/python3.12/enum.py
cfn=__setattr__:850
calls=10 850
1858 10 627 62
1859 10 245 24
fn=_is_dunder:48
48 163 3458 21
52 163 1451 8
53 349 3733 10
54 163 2295 14
55 23 200 8
56 23 234 10
fn=_is_private:79
79 288 4501 15
81 144 1420 9
82 144 1264 8
84 144 1505 10
85 93 1055 11
91 144 1211 8
fn=_is_sunder:59
59 144 2842 19
63 144 2706 18
64 292 4875 16
65 144 1343 9
66 4 27 6
67 1 13 13
fn=_is_descriptor:38
38 140 3240 23
42 140 1092 7
43 280 2425 8
44 140 1334 9
45 140 1159 8
fn=__new__:528
528 11 709 64
534 11 1032 93
535 10 1117 111
538 1 18 18
539 1 53 53
540 2 39 19
541 1 20 20
544 1 11 11
547 1 21 21
548 1 27 27
554 1 19 19
555 1 20 20
556 1 866 866
557 1 49 49
559 1 27 27
560 1 20 20
561 1 19 19
564 1 72 72
cfl=/usr/lib/python3.12/enum.py
cfn=_get_mixins_:967
calls=1 967
564 1 362 362
565 2 290 145
cfl=/usr/lib/python3.12/enum.py
cfn=_find_new_:1035
calls=1 1035
565 1 339 339
566 1 22 22
568 1 15 15
569 1 21 21
572 3 81 27
573 2 43 21
574 2 182 91
cfl=/usr/lib/python3.12/enum.py
cfn=__init__:251
calls=2 251
574 2 112 56
577 1 18 18
578 1 57 57
579 1 35 35
580 1 27 27
581 1 26 26
583 1 103 103
cfl=/usr/lib/python3.12/enum.py
cfn=_find_data_repr_:986
calls=1 986
583 1 129 129
586 1 60 60
587 1 139 139
588 1 44 44
590 1 47 47
591 1 36 36
592 1 22 22
593 1 20 20
594 1 46 46
595 1 46 46
596 1 301 301
cfl=/usr/lib/python3.12/enum.py
cfn=__set_name__:254
calls=2 254
596 2 2474 1237
605 1 23 23
609 1 30 30
617 1 20 20
634 5 107 21
635 4 74 18
637 4 81 20
638 4 169 42
639 4 78 19
640 4 93 23
641 4 104 26
642 1 94 94
cfl=/usr/lib/python3.12/enum.py
cfn=__setattr__:850
calls=1 850
642 1 47 47
645 1 19 19
658 1 64 64
661 1 32 32
663 1 125 125
cfl=/usr/lib/python3.12/enum.py
cfn=__setattr__:850
calls=1 850
663 1 68 68
674 1 51 51
680 1 34 34
681 1 22 22
683 1 62 62
cfl=/usr/lib/python3.12/enum.py
cfn=__delattr__:785
calls=1 785
683 1 36 36
684 1 73 73
cfl=/usr/lib/python3.12/enum.py
cfn=__delattr__:785
calls=1 785
684 1 19 19
685 1 118 118
cfl=/usr/lib/python3.12/enum.py
cfn=__delattr__:785
calls=1 785
685 1 92 92
686 1 185 185
cfl=/usr/lib/python3.12/enum.py
cfn=__delattr__:785
calls=1 785
686 1 60 60
687 1 100 100
cfl=/usr/lib/python3.12/enum.py
cfn=__delattr__:785
calls=1 785
687 1 27 27
701 1 21 21
718 1 27 27
fn=__setattr__:850
850 169 4820 28
858 169 3419 20
859 169 2072 12
861 169 4100 24
fn=__init__:1185
1185 138 5451 39
1186 138 1655 11
fn=__set_name__:241
241 138 5031 36
242 138 1661 12
243 138 1915 13
fn=__members__:828
828 7 230 32
836 7 100 14
fn=_is_single_bit:93
93 22 504 22
97 22 189 8
98 2 33 16
99 20 252 12
100 20 191 9
fn=__iter__:816
816 2 53 26
820 2 27 13
fn=<genexpr>:820
820 40 696 17
fn=__prepare__:513
513 1 230 230
516 1 44 44
cfl=/usr/lib/python3.12/enum.py
cfn=_check_for_existing_members_:957
calls=1 957
516 1 88 88
518 1 48 48
cfl=/usr/lib/python3.12/enum.py
cfn=__init__:383
calls=1 383
518 1 39 39
519 1 6 6
521 1 141 141
cfl=/usr/lib/python3.12/enum.py
cfn=_get_mixins_:967
calls=1 967
521 1 582 582
522 1 24 24
523 2 189 94
cfl=/usr/lib/python3.12/enum.py
cfn=__setitem__:390
calls=1 390
523 1 449 449
524 1 7 7
526 1 5 5
fn=_check_for_existing_members_:957
957 1 9 9
959 3 15 5
960 8 35 4
961 6 28 4
fn=__init__:383
383 1 8 8
384 1 7 7
385 1 7 7
386 1 5 5
387 1 5 5
388 1 5 5
fn=_get_mixins_:967
967 2 37 18
975 2 15 7
979 2 13 6
980 2 13 6
983 2 107 53
cfl=/usr/lib/python3.12/enum.py
cfn=_find_data_type_:1008
calls=2 1008
983 2 736 368
984 2 20 10
fn=_find_data_type_:1008
1008 2 25 12
1011 2 22 11
1012 2 24 12
1013 6 152 25
1014 4 51 12
1015 8 130 16
1016 6 57 9
1017 6 58 9
1018 2 13 6
1019 4 42 10
1020 2 17 8
1023 2 33 16
1024 2 24 12
1025 2 20 10
1028 2 20 10
1030 2 21 10
1031 2 19 9
fn=__setitem__:390
390 6 102 17
399 6 460 76
cfl=/usr/lib/python3.12/enum.py
cfn=_is_internal_class:70
calls=6 70
399 6 193 32
407 6 301 50
cfl=/usr/lib/python3.12/enum.py
cfn=_is_private:79
calls=6 79
407 6 382 63
410 6 235 39
cfl=/usr/lib/python3.12/enum.py
cfn=_is_sunder:59
calls=6 59
410 6 275 45
411 1 14 14
420 1 13 13
422 1 14 14
424 1 14 14
425 1 15 15
438 5 310 62
cfl=/usr/lib/python3.12/enum.py
cfn=_is_dunder:48
calls=5 48
438 5 359 71
439 3 63 21
441 2 19 9
444 2 28 14
446 2 26 13
449 2 79 39
cfl=/usr/lib/python3.12/enum.py
cfn=_is_descriptor:38
calls=2 38
449 2 91 45
456 2 31 15
459 2 29 14
462 2 39 19
463 2 1485 742
464 2 228 114
467 2 137 68
492 2 60 30
493 2 51 25
494 2 66 33
495 6 118 19
fn=_is_internal_class:70
70 6 77 12
72 6 54 9
73 6 61 10
fn=_find_new_:1035
1035 1 25 25
1047 1 9 9
1050 1 31 31
1052 1 8 8
1055 2 14 7
1056 4 21 5
1057 3 19 6
1058 6 49 8
1059 3 15 5
1060 3 16 5
1061 3 16 5
1062 3 16 5
1064 1 4 4
1065 1 14 14
1066 2 14 7
1067 1 5 5
1074 1 9 9
1077 1 16 16
1078 1 29 29
fn=__init__:251
251 2 69 34
252 2 43 21
fn=_find_data_repr_:986
986 1 31 31
988 1 13 13
989 2 21 10
990 2 17 8
992 2 15 7
995 2 17 8
999 1 4 4
1005 1 7 7
fn=__set_name__:254
254 2 80 40
259 2 159 79
cfl=/usr/lib/python3.12/enum.py
cfn=__delattr__:785
calls=2 785
259 2 159 79
261 2 35 17
262 2 34 17
263 2 32 16
266 2 34 17
268 2 34 17
271 2 169 84
cfl=/usr/lib/python3.12/ssl.py
cfn=__new__:399
calls=2 399
271 2 289 144
272 2 34 17
273 2 26 13
276 2 23 11
277 2 91 45
cfl=/usr/lib/python3.12/ssl.py
cfn=__new__:399
calls=2 399
277 2 83 41
284 2 36 18
285 2 25 12
286 2 25 12
287 2 121 60
cfl=/usr/lib/python3.12/enum.py
cfn=__init__:1185
calls=2 1185
287 2 31 15
288 2 30 15
290 2 28 14
299 2 28 14
300 2 28 14
302 2 36 18
303 2 32 16
310 2 29 14
314 2 28 14
315 2 39 19
318 2 27 13
328 2 23 11
329 2 22 11
330 2 22 11
331 12 120 10
332 10 96 9
333 10 118 11
347 2 16 8
363 2 84 42
cfl=/usr/lib/python3.12/enum.py
cfn=__setattr__:850
calls=2 850
363 2 58 29
365 2 25 12
366 2 22 11
370 2 24 12
fn=__delattr__:785
785 7 180 25
788 7 123 17
790 7 91 13
fl=/usr/lib/python3.12/email/headerregistry.py
fn=__getitem__:590
590 9 94 10
591 9 146 16
592 9 749 83
fn=__call__:594
594 5 48 9
604 5 518 103
cfl=/usr/lib/python3.12/email/headerregistry.py
cfn=__getitem__:590
calls=5 590
604 5 488 97
cfl=/usr/lib/python3.12/email/headerregistry.py
cfn=__new__:190
calls=5 190
604 5 29769 5953
fn=__new__:190
190 5 51 10
191 5 56 11
192 5 224 44
cfl=/usr/lib/python3.12/email/headerregistry.py
cfn=parse:265
calls=1 265
192 1 2276 2276
cfl=/usr/lib/python3.12/email/headerregistry.py
cfn=parse:446
calls=2 446
192 2 21524 10762
cfl=/usr/lib/python3.12/email/headerregistry.py
cfn=parse:510
calls=1 510
192 1 1788 1788
cfl=/usr/lib/python3.12/email/headerregistry.py
cfn=parse:408
calls=1 408
192 1 2050 2050
193 5 134 26
cfl=/usr/lib/python3.12/email/utils.py
cfn=_has_surrogates:52
calls=5 52
193 5 152 30
195 5 54 10
196 5 43 8
197 5 227 45
cfl=/usr/lib/python3.12/email/headerregistry.py
cfn=init:200
calls=1 200
197 1 25 25
cfl=/usr/lib/python3.12/email/headerregistry.py
cfn=init:472
calls=2 472
197 2 655 327
cfl=/usr/lib/python3.12/email/headerregistry.py
cfn=init:516
calls=1 516
197 1 230 230
cfl=/usr/lib/python3.12/email/headerregistry.py
cfn=init:420
calls=1 420
197 1 226 226
198 5 45 9
fn=parse:265
265 1 8 8
267 1 60 60
cfl=/usr/lib/python3.12/email/_header_value_parser.py
cfn=get_unstructured:1090
calls=1 1090
267 1 2011 2011
268 1 24 24
cfl=/usr/lib/python3.12/email/_header_value_parser.py
cfn=__str__:127
calls=1 127
268 1 172 172
fn=init:200
200 5 170 34
201 5 48 9
202 5 41 8
203 5 38 7
fn=parse:446
446 2 38 19
448 2 155 77
cfl=/usr/lib/python3.12/email/_header_value_parser.py
cfn=parse_content_type_header:2623
calls=2 2623
448 2 7685 3842
449 2 492 246
cfl=/usr/lib/python3.12/email/_header_value_parser.py
cfn=__str__:127
calls=2 127
449 2 1892 946
450 2 114 57
cfl=/usr/lib/python3.12/email/_header_value_parser.py
cfn=all_defects:138
calls=2 138
450 2 8476 4238
451 2 104 52
cfl=/usr/lib/python3.12/email/_header_value_parser.py
cfn=params:815
calls=2 815
451 2 118 59
455 5 185 37
cfl=/usr/lib/python3.12/email/_header_value_parser.py
cfn=params:728
calls=2 728
455 2 1983 991
cfl=/usr/lib/python3.12/email/utils.py
cfn=_sanitize:65
calls=1 65
455 1 40 40
456 1 36 36
cfl=/usr/lib/python3.12/email/utils.py
cfn=_sanitize:65
calls=1 65
456 1 30 30
457 3 80 26
cfl=/usr/lib/python3.12/email/_header_value_parser.py
cfn=params:815
calls=2 815
457 2 89 44
fn=init:472
472 2 18 9
473 2 146 73
cfl=/usr/lib/python3.12/email/headerregistry.py
cfn=init:459
calls=2 459
473 2 280 140
474 2 65 32
cfl=/usr/lib/python3.12/email/utils.py
cfn=_sanitize:65
calls=2 65
474 2 52 26
475 2 52 26
cfl=/usr/lib/python3.12/email/utils.py
cfn=_sanitize:65
calls=2 65
475 2 40 20
fn=init:459
459 2 22 11
460 2 26 13
461 2 57 28
cfl=/usr/lib/python3.12/email/headerregistry.py
cfn=init:200
calls=2 200
461 2 173 86
fn=name:205
205 3 31 10
207 3 38 12
fn=parse:510
510 1 73 73
512 1 83 83
cfl=/usr/lib/python3.12/email/_header_value_parser.py
cfn=parse_content_transfer_encoding_header:2709
calls=1 2709
512 1 1000 1000
513 1 84 84
cfl=/usr/lib/python3.12/email/_header_value_parser.py
cfn=__str__:127
calls=1 127
513 1 225 225
514 1 46 46
cfl=/usr/lib/python3.12/email/_header_value_parser.py
cfn=all_defects:138
calls=1 138
514 1 275 275
fn=init:516
516 1 13 13
517 1 91 91
cfl=/usr/lib/python3.12/email/headerregistry.py
cfn=init:200
calls=1 200
517 1 43 43
518 1 47 47
cfl=/usr/lib/python3.12/email/utils.py
cfn=_sanitize:65
calls=1 65
518 1 34 34
fn=parse:408
408 1 13 13
410 1 134 134
cfl=/usr/lib/python3.12/email/_header_value_parser.py
cfn=parse_mime_version:2152
calls=1 2152
410 1 1298 1298
411 1 47 47
cfl=/usr/lib/python3.12/email/_header_value_parser.py
cfn=__str__:127
calls=1 127
411 1 180 180
412 1 42 42
cfl=/usr/lib/python3.12/email/_header_value_parser.py
cfn=all_defects:138
calls=1 138
412 1 262 262
413 1 16 16
414 1 14 14
415 1 13 13
416 1 25 25
fn=init:420
420 1 11 11
421 1 15 15
422 1 13 13
423 1 19 19
424 1 110 110
cfl=/usr/lib/python3.12/email/headerregistry.py
cfn=init:200
calls=1 200
424 1 56 56
fl=/usr/lib/python3.12/collections/__init__.py
fn=namedtuple:355
355 2 386 193
381 2 100 50
382 2 46 23
383 2 53 26
384 2 143 71
386 2 59 29
396 14 188 13
397 12 136 11
399 12 174 14
402 12 156 13
406 2 30 15
407 12 200 16
408 10 190 19
411 10 164 16
413 10 166 16
415 2 35 17
416 2 48 24
424 2 62 31
425 2 1049 524
426 2 87 43
427 2 43 21
429 2 593 296
cfl=/usr/lib/python3.12/collections/__init__.py
cfn=<genexpr>:429
calls=12 429
429 12 273 22
430 2 48 24
431 2 48 24
435 2 48 24
436 2 57 28
437 2 45 22
438 2 70 35
440 2 47 23
441 2 638 319
cfl=<string>
cfn=<module>:1
calls=1 1
441 1 142 142
cfl=<string>_0
cfn=<module>:1
calls=1 1
441 1 104 104
442 2 63 31
443 2 64 32
444 2 38 19
447 4 105 26
448 4 78 19
454 2 40 20
457 2 90 45
463 2 41 20
466 2 30 15
470 2 28 14
474 2 28 14
479 14 321 22
480 2 27 13
481 2 28 14
482 2 32 16
483 2 59 29
484 2 93 46
485 2 85 42
487 12 262 21
491 2 40 20
492 2 25 12
493 2 39 19
494 2 36 18
495 2 35 17
496 2 35 17
497 2 35 17
498 2 35 17
499 2 35 17
500 2 48 24
501 2 37 18
502 2 36 18
504 12 287 23
505 10 254 25
506 10 269 26
508 2 108 54
515 2 72 36
516 2 57 28
517 2 62 31
523 2 49 24
524 2 52 26
526 2 78 39
fn=<genexpr>:429
429 24 273 11
fl=/usr/lib/python3.12/email/utils.py
fn=_has_surrogates:52
52 17 114 6
57 17 133 7
58 17 138 8
59 17 118 6
fn=_sanitize:65
65 7 64 9
70 7 66 9
71 7 67 9
fn=decode_params:393
393 1 21 21
398 1 18 18
402 1 16 16
403 1 17 17
414 1 25 25
439 1 17 17
fl=<string>
fn=<module>:1
0 1 100 100
1 1 42 42
fl=/usr/lib/python3.12/hmac.py
fn=<module>:1
0 1 70 70
1 1 46 46
6 1 25 25
7 1 73 73
8 1 106 106
cfl=<frozen importlib._bootstrap>
cfn=_find_and_load:1349
calls=1 1349
8 1 18182 18182
14 1 27 27
15 1 23 23
17 1 180 180
cfl=<frozen importlib._bootstrap>
cfn=_find_and_load:1349
calls=1 1349
17 1 18880 18880
19 1 10013 10013
cfl=/usr/lib/python3.12/hmac.py
cfn=<genexpr>:19
calls=257 19
19 257 8010 31
20 1 7390 7390
cfl=/usr/lib/python3.12/hmac.py
cfn=<genexpr>:20
calls=257 20
20 257 4909 19
24 1 25 25
27 1 407 407
cfl=/usr/lib/python3.12/hmac.py
cfn=HMAC:27
calls=1 27
27 1 277 277
167 1 30 30
187 1 23 23
fn=<genexpr>:19
19 514 8010 15
fn=<genexpr>:20
20 514 4909 9
fn=HMAC:27
27 2 49 24
28 1 8 8
32 1 15 15
34 1 15 15
38 1 15 15
66 1 14 14
71 1 14 14
110 2 30 15
111 2 39 19
117 1 8 8
122 1 15 15
139 1 21 21
151 1 15 15
161 1 14 14
fl=<frozen importlib._bootstrap>
fn=_find_and_load:1349
1349 10 654 65
1354 10 136 13
1355 10 74 7
1357 20 1026 51
cfl=<frozen importlib._bootstrap>
cfn=__init__:412
calls=10 412
1357 10 195 19
cfl=<frozen importlib._bootstrap>
cfn=__enter__:416
calls=10 416
1357 10 8335 833
cfl=<frozen importlib._bootstrap>
cfn=__exit__:420
calls=10 420
1357 10 1096 109
cfl=<frozen importlib._bootstrap>
cfn=cb:445
calls=10 445
1357 10 1261 126
1358 10 92 9
1359 10 66 6
1360 10 351 35
cfl=<frozen importlib._bootstrap>
cfn=_find_and_load_unlocked:1304
calls=10 1304
1360 10 893770 89377
fn=__init__:412
412 10 75 7
413 10 62 6
414 10 56 5
fn=__enter__:416
416 10 67 6
417 10 253 25
cfl=<frozen importlib._bootstrap>
cfn=_get_module_lock:426
calls=10 426
417 10 1960 196
418 10 276 27
cfl=<frozen importlib._bootstrap>
cfn=acquire:304
calls=10 304
418 10 5776 577
fn=_get_module_lock:426
426 10 81 8
432 10 100 10
433 10 70 7
434 10 64 6
435 10 152 15
436 10 82 8
437 10 79 7
439 10 66 6
440 10 76 7
443 10 247 24
cfl=<frozen importlib._bootstrap>
cfn=__init__:232
calls=10 232
443 10 524 52
445 10 108 10
456 10 105 10
458 10 123 12
460 10 76 7
fn=__init__:232
232 10 61 6
253 10 75 7
254 10 62 6
257 10 51 5
261 10 48 4
272 10 51 5
286 10 173 17
fn=cb:445
445 10 957 95
446 10 87 8
447 10 52 5
451 10 56 5
452 10 53 5
454 10 53 5
fn=acquire:304
304 10 82 8
310 10 85 8
311 20 1221 61
cfl=<frozen importlib._bootstrap>
cfn=__init__:158
calls=10 158
311 10 234 23
cfl=<frozen importlib._bootstrap>
cfn=__enter__:162
calls=10 162
311 10 2754 275
cfl=<frozen importlib._bootstrap>
cfn=__exit__:173
calls=10 173
311 10 164 16
cfl=<frozen importlib._bootstrap>
cfn=remove:82
calls=10 82
311 10 373 37
312 10 90 9
316 20 216 10
317 10 300 30
324 10 98 9
325 10 77 7
326 10 76 7
fn=__init__:158
158 10 82 8
159 10 79 7
160 10 73 7
fn=__enter__:162
162 10 67 6
170 10 268 26
cfl=<frozen importlib._bootstrap>
cfn=setdefault:124
calls=10 124
170 10 2328 232
171 10 89 8
fn=setdefault:124
124 10 75 7
125 10 71 7
126 10 104 10
127 10 295 29
128 10 59 5
129 10 50 5
130 10 56 5
132 10 356 35
cfl=<frozen importlib._bootstrap>
cfn=__new__:74
calls=10 74
132 10 239 23
cfl=<frozen importlib._bootstrap>
cfn=__init__:79
calls=10 79
132 10 944 94
133 10 73 7
fn=__new__:74
74 10 52 5
75 10 84 8
76 10 53 5
77 10 48 4
fn=__init__:79
79 10 831 83
80 10 112 11
fn=__exit__:173
173 10 76 7
175 10 88 8
fn=remove:82
82 10 76 7
86 10 67 6
87 10 59 5
88 10 79 7
91 10 90 9
fn=_find_and_load_unlocked:1304
1304 10 94 9
1305 10 77 7
1306 10 104 10
1307 10 79 7
1308 10 86 8
1309 1 6 6
1312 1 12 12
1314 1 13 13
1315 1 9 9
1316 1 9 9
1320 1 8 8
1321 1 8 8
1322 10 408 40
cfl=<frozen importlib._bootstrap>
cfn=_find_spec:1240
calls=10 1240
1322 10 59275 5927
1323 10 194 19
1326 10 100 10
1329 1 12 12
1330 10 107 10
1331 10 408 40
cfl=<frozen importlib._bootstrap>
cfn=_load_unlocked:911
calls=10 911
1331 10 873779 87377
1333 10 102 10
1334 1 6 6
1335 10 159 15
1337 1 6 6
1338 1 8 8
1339 1 11 11
1343 10 104 10
fn=_find_spec:1240
1240 10 93 9
1242 10 73 7
1243 10 73 7
1248 10 70 7
1254 10 68 6
1255 38 283 7
1256 76 1980 26
cfl=<frozen importlib._bootstrap>
cfn=__enter__:1222
calls=38 1222
1256 38 471 12
cfl=<frozen importlib._bootstrap>
cfn=__exit__:1226
calls=38 1226
1256 38 697 18
1257 38 280 7
1258 38 372 9
1262 38 1024 26
cfl=/usr/lib/python3/dist-packages/_distutils_hack/__init__.py
cfn=find_spec:89
calls=10 89
1262 10 657 65
cfl=<frozen importlib._bootstrap>
cfn=find_spec:982
calls=10 982
1262 10 497 49
cfl=<frozen importlib._bootstrap>
cfn=find_spec:1128
calls=9 1128
1262 9 513 57
cfl=<frozen importlib._bootstrap_external>
cfn=find_spec:1520
calls=9 1520
1262 9 51652 5739
1263 38 291 7
1265 10 90 9
1280 10 84 8
fn=__enter__:1222
1222 38 227 5
1224 38 243 6
fn=__exit__:1226
1226 38 433 11
1228 38 264 6
fn=find_spec:982
982 10 65 6
984 10 94 9
985 1 45 45
cfl=<frozen importlib._bootstrap>
cfn=spec_from_loader:662
calls=1 662
985 1 234 234
987 9 56 6
fn=find_spec:1128
1128 9 75 8
1130 9 189 21
cfl=<frozen importlib._bootstrap>
cfn=_call_with_frames_removed:480
calls=9 480
1130 9 138 15
1131 9 56 6
1132 9 52 5
fn=_call_with_frames_removed:480
480 22 137 6
488 22 12785 581
cfl=/usr/lib/python3.12/copy.py
cfn=<module>:1
calls=1 1
488 1 5800 5800
cfl=/usr/lib/python3.12/email/generator.py
cfn=<module>:1
calls=1 1
488 1 95386 95386
cfl=/usr/lib/python3.12/hashlib.py
cfn=<module>:1
calls=1 1
488 1 5909 5909
cfl=/usr/lib/python3.12/hmac.py
cfn=<module>:1
calls=1 1
488 1 68706 68706
cfl=/usr/lib/python3.12/ssl.py
cfn=<module>:1
calls=1 1
488 1 565535 565535
cfl=/usr/lib/python3.12/smtplib.py
cfn=<module>:1
calls=1 1
488 1 793823 793823
cfl=/usr/lib/python3.12/_strptime.py
cfn=<module>:1
calls=1 1
488 1 70611 70611
fn=_verbose_message:491
491 148 1391 9
493 148 1192 8
fn=__init__:599
599 10 88 8
601 10 73 7
602 10 56 5
603 10 54 5
604 10 53 5
605 10 60 6
606 10 330 33
609 10 86 8
610 10 80 8
fn=_load_unlocked:911
911 10 115 11
913 10 90 9
915 10 96 9
921 10 291 29
cfl=<frozen importlib._bootstrap>
cfn=module_from_spec:806
calls=10 806
921 10 20116 2011
926 10 69 6
927 10 68 6
928 10 74 7
929 10 66 6
930 10 67 6
935 10 351 35
cfl=<frozen importlib._bootstrap_external>
cfn=exec_module:989
calls=7 989
935 7 870303 124329
cfl=<frozen importlib._bootstrap_external>
cfn=exec_module:1295
calls=2 1295
935 2 6048 3024
cfl=<frozen importlib._bootstrap>
cfn=exec_module:997
calls=1 997
935 1 65 65
946 10 118 11
947 10 166 16
948 10 295 29
cfl=<frozen importlib._bootstrap>
cfn=_verbose_message:491
calls=10 491
948 10 185 18
950 10 85 8
952 10 77 7
fn=module_from_spec:806
806 10 297 29
809 10 97 9
810 10 108 10
813 10 242 24
cfl=<frozen importlib._bootstrap_external>
cfn=create_module:986
calls=7 986
813 7 79 11
cfl=<frozen importlib._bootstrap_external>
cfn=create_module:1287
calls=2 1287
813 2 5549 2774
cfl=<frozen importlib._bootstrap>
cfn=create_module:989
calls=1 989
813 1 132 132
817 10 64 6
818 7 190 27
cfl=<frozen importlib._bootstrap>
cfn=_new_module:48
calls=7 48
818 7 102 14
819 10 308 30
cfl=<frozen importlib._bootstrap>
cfn=_init_module_attrs:733
calls=10 733
819 10 12882 1288
820 10 60 6
fn=_new_module:48
48 7 40 5
49 7 61 8
fn=_init_module_attrs:733
733 10 2628 262
737 10 157 15
743 10 106 10
744 10 94 9
745 10 223 22
766 10 84 8
767 10 105 10
771 10 104 10
772 10 91 9
773 10 328 32
cfl=<frozen importlib._bootstrap>
cfn=parent:645
calls=10 645
773 10 224 22
777 10 103 10
778 10 99 9
782 10 107 10
783 10 99 9
790 10 306 30
cfl=<frozen importlib._bootstrap>
cfn=has_location:653
calls=10 653
790 10 154 15
791 9 99 11
792 9 90 10
793 9 96 10
797 9 107 11
798 9 366 40
cfl=<frozen importlib._bootstrap>
cfn=cached:632
calls=9 632
798 9 6538 726
799 7 59 8
800 7 219 31
cfl=<frozen importlib._bootstrap>
cfn=cached:632
calls=7 632
800 7 139 19
803 10 147 14
fn=parent:645
645 10 86 8
648 10 62 6
649 10 74 7
fn=has_location:653
653 10 85 8
655 10 68 6
fn=cached:632
632 16 148 9
634 16 105 6
635 9 59 6
636 9 59 6
638 9 210 23
cfl=<frozen importlib._bootstrap_external>
cfn=_get_cached:611
calls=9 611
638 9 5996 666
639 16 96 6
fn=__exit__:420
420 10 69 6
421 10 226 22
cfl=<frozen importlib._bootstrap>
cfn=release:372
calls=10 372
421 10 800 80
fn=release:372
372 10 80 8
373 10 83 8
374 20 203 10
375 10 75 7
377 10 74 7
378 10 69 6
379 10 80 8
380 10 66 6
381 10 66 6
fn=spec_from_loader:662
662 1 11 11
664 1 11 11
667 1 7 7
678 1 30 30
679 1 15 15
680 1 6 6
681 1 32 32
cfl=<frozen importlib._bootstrap>
cfn=_requires_builtin_wrapper:501
calls=1 501
681 1 47 47
688 1 32 32
cfl=<frozen importlib._bootstrap>
cfn=__init__:599
calls=1 599
688 1 38 38
fn=_requires_builtin_wrapper:501
501 1 8 8
502 1 8 8
505 1 21 21
cfl=<frozen importlib._bootstrap>
cfn=is_package:1014
calls=1 1014
505 1 9 9
fn=is_package:1014
1014 1 4 4
1018 1 5 5
fn=create_module:989
989 1 15 15
992 1 17 17
995 1 50 50
cfl=<frozen importlib._bootstrap>
cfn=_call_with_frames_removed:480
calls=1 480
995 1 48 48
fn=exec_module:997
997 1 6 6
1000 1 16 16
cfl=<frozen importlib._bootstrap>
cfn=_call_with_frames_removed:480
calls=1 480
1000 1 42 42
fn=_handle_fromlist:1390
1390 4 352 88
1400 8 65 8
1401 4 39 9
1408 4 25 6
1412 4 29 7
1424 4 22 5
fl=<frozen importlib._bootstrap_external>
fn=find_spec:1520
1520 9 71 7
1526 9 72 8
1527 8 66 8
1528 9 258 28
cfl=<frozen importlib._bootstrap_external>
cfn=_get_spec:1491
calls=9 1491
1528 9 50982 5664
1529 9 70 7
1531 9 61 6
1542 9 67 7
fn=_get_spec:1491
1491 9 58 6
1496 9 61 6
1497 35 256 7
1498 35 277 7
1500 35 1157 33
cfl=<frozen importlib._bootstrap_external>
cfn=_path_importer_cache:1469
calls=35 1469
1500 35 3285 93
1501 35 275 7
1502 27 1147 42
cfl=<frozen importlib._bootstrap_external>
cfn=find_spec:1593
calls=27 1593
1502 27 43978 1628
1503 27 210 7
1504 18 143 7
1505 9 63 7
1506 9 67 7
fn=_path_importer_cache:1469
1469 35 240 6
1477 35 265 7
1484 35 230 6
1485 35 416 11
1486 1 6 6
1487 1 25 25
cfl=<frozen importlib._bootstrap_external>
cfn=_path_hooks:1456
calls=1 1456
1487 1 1846 1846
1488 1 8 8
1489 35 245 7
fn=_path_hooks:1456
1456 1 5 5
1459 1 7 7
1461 2 12 6
1462 2 9 4
1463 2 71 35
cfl=<frozen zipimport>
cfn=__init__:64
calls=1 64
1463 1 699 699
cfl=<frozen importlib._bootstrap_external>
cfn=path_hook_for_FileFinder:1685
calls=1 1685
1463 1 1023 1023
1464 1 7 7
1465 1 9 9
fn=_path_stat:140
140 45 305 6
147 45 7216 160
fn=path_hook_for_FileFinder:1685
1685 1 7 7
1687 1 25 25
cfl=<frozen importlib._bootstrap_external>
cfn=_path_isdir:164
calls=1 164
1687 1 488 488
1689 1 44 44
cfl=<frozen importlib._bootstrap_external>
cfn=__init__:1567
calls=1 1567
1689 1 458 458
fn=_path_isdir:164
164 1 5 5
166 1 17 17
168 1 23 23
cfl=<frozen importlib._bootstrap_external>
cfn=_path_is_mode_type:150
calls=1 150
168 1 442 442
fn=_path_is_mode_type:150
150 10 100 10
152 10 64 6
153 10 282 28
cfl=<frozen importlib._bootstrap_external>
cfn=_path_stat:140
calls=10 140
153 10 718 71
156 10 78 7
fn=__init__:1567
1567 1 11 11
1571 1 8 8
1572 4 24 6
1573 3 120 40
cfl=<frozen importlib._bootstrap_external>
cfn=<genexpr>:1573
calls=8 1573
1573 8 148 18
1574 1 4 4
1576 1 18 18
1577 1 80 80
1580 1 24 24
1581 1 9 9
1582 1 7 7
fn=<genexpr>:1573
1573 16 148 9
fn=find_spec:1593
1593 27 268 9
1598 27 331 12
1599 27 331 12
1600 27 228 8
1601 27 1155 42
cfl=<frozen importlib._bootstrap_external>
cfn=_path_stat:140
calls=27 140
1601 27 6030 223
1604 27 304 11
1605 1 82 82
cfl=<frozen importlib._bootstrap_external>
cfn=_fill_cache:1644
calls=1 1644
1605 1 5110 5110
1606 1 19 19
1608 27 860 31
cfl=<frozen importlib._bootstrap_external>
cfn=_relax_case:71
calls=27 71
1608 27 789 29
1612 27 247 9
1613 27 231 8
1615 27 271 10
1627 138 1214 8
1628 120 1029 8
1629 120 3685 30
cfl=<frozen importlib._bootstrap_external>
cfn=_path_join:126
calls=120 126
1629 120 7998 66
1632 120 4073 33
cfl=<frozen importlib._bootstrap>
cfn=_verbose_message:491
calls=120 491
1632 120 1946 16
1633 120 1218 10
1634 9 306 34
cfl=<frozen importlib._bootstrap_external>
cfn=_path_isfile:159
calls=9 159
1634 9 1379 153
1635 18 447 24
cfl=<frozen importlib._bootstrap_external>
cfn=_get_spec:1588
calls=9 1588
1635 9 4029 447
1636 9 75 8
1637 18 150 8
1642 18 160 8
fn=_fill_cache:1644
1644 1 15 15
1646 1 8 8
1647 1 7 7
1648 1 4971 4971
1655 1 63 63
1656 1 24 24
1672 1 19 19
fn=_relax_case:71
71 27 271 10
73 27 518 19
fn=_path_join:126
126 134 1366 10
128 832 5441 6
129 416 2307 5
fn=_path_isfile:159
159 9 116 12
161 9 461 51
cfl=<frozen importlib._bootstrap_external>
cfn=_path_is_mode_type:150
calls=9 150
161 9 801 89
fn=_get_spec:1588
1588 9 78 8
1589 9 217 24
cfl=<frozen importlib._bootstrap_external>
cfn=__init__:1153
calls=7 1153
1589 7 125 17
cfl=<frozen importlib._bootstrap_external>
cfn=__init__:1276
calls=2 1276
1589 2 63 31
1590 18 370 20
cfl=<frozen importlib._bootstrap_external>
cfn=spec_from_file_location:802
calls=9 802
1590 9 3126 347
1591 9 47 5
fn=__init__:1153
1153 7 46 6
1156 7 40 5
1157 7 38 5
fn=spec_from_file_location:802
802 9 77 8
814 9 87 9
826 9 77 8
827 9 67 7
828 9 282 31
cfl=<frozen importlib._bootstrap_external>
cfn=_path_abspath:185
calls=9 185
828 9 646 71
838 9 397 44
cfl=<frozen importlib._bootstrap>
cfn=__init__:599
calls=9 599
838 9 846 94
839 9 239 26
842 9 82 9
852 9 81 9
863 9 76 8
864 9 86 9
869 9 78 8
fn=_path_abspath:185
185 9 77 8
187 9 318 35
cfl=<frozen importlib._bootstrap_external>
cfn=_path_isabs:180
calls=9 180
187 9 169 18
192 9 82 9
fn=_path_isabs:180
180 9 76 8
182 9 92 10
fn=create_module:986
986 14 79 5
fn=_get_cached:611
611 9 62 6
612 9 92 10
613 7 50 7
614 7 217 31
cfl=<frozen importlib._bootstrap_external>
cfn=cache_from_source:482
calls=7 482
614 7 5535 790
617 2 17 8
620 2 20 10
fn=cache_from_source:482
482 14 162 11
500 14 206 14
507 14 143 10
508 14 500 35
cfl=<frozen importlib._bootstrap_external>
cfn=_path_split:132
calls=14 132
508 14 3988 284
509 14 131 9
510 14 161 11
511 14 124 8
513 14 117 8
514 14 141 10
515 14 125 8
516 14 124 8
519 14 108 7
520 14 101 7
524 14 110 7
525 14 102 7
549 14 378 27
cfl=<frozen importlib._bootstrap_external>
cfn=_path_join:126
calls=14 126
549 14 1116 79
fn=_path_split:132
132 14 139 9
134 14 743 53
cfl=<frozen importlib._bootstrap_external>
cfn=<genexpr>:134
calls=28 134
134 28 2864 102
135 14 127 9
137 14 113 8
fn=<genexpr>:134
134 56 2864 51
fn=exec_module:989
989 7 54 7
991 7 292 41
cfl=<frozen importlib._bootstrap_external>
cfn=get_code:1062
calls=7 1062
991 7 13308 1901
992 7 55 7
995 7 332 47
cfl=<frozen importlib._bootstrap>
cfn=_call_with_frames_removed:480
calls=7 480
995 7 865191 123598
fn=get_code:1062
1062 7 76 10
1069 7 263 37
cfl=<frozen importlib._bootstrap_external>
cfn=_check_name_wrapper:643
calls=7 643
1069 7 378 54
1070 7 62 8
1071 7 125 17
1072 7 74 10
1073 7 61 8
1074 7 67 9
1075 7 62 8
1076 7 259 37
cfl=<frozen importlib._bootstrap_external>
cfn=cache_from_source:482
calls=7 482
1076 7 2309 329
1080 7 80 11
1081 7 209 29
cfl=<frozen importlib._bootstrap_external>
cfn=path_stats:1202
calls=7 1202
1081 7 534 76
1085 7 64 9
1086 7 86 12
1087 7 232 33
cfl=<frozen importlib._bootstrap_external>
cfn=get_data:1183
calls=7 1183
1087 7 1253 179
1091 7 68 9
1092 7 70 10
1093 7 121 17
1095 7 72 10
1096 7 291 41
cfl=<frozen importlib._bootstrap_external>
cfn=_classify_pyc:666
calls=7 666
1096 7 705 100
1097 7 91 13
1098 7 71 10
1099 7 67 9
1112 14 324 23
cfl=<frozen importlib._bootstrap_external>
cfn=_validate_timestamp_pyc:699
calls=7 699
1112 7 842 120
1113 7 68 9
1114 7 59 8
1115 7 65 9
1116 7 66 9
1117 7 67 9
1122 14 337 24
cfl=<frozen importlib._bootstrap>
cfn=_verbose_message:491
calls=7 491
1122 7 133 19
1123 7 68 9
1124 14 354 25
cfl=<frozen importlib._bootstrap_external>
cfn=_compile_bytecode:751
calls=7 751
1124 7 3019 431
1125 7 78 11
1126 7 63 9
fn=_check_name_wrapper:643
643 7 62 8
644 7 41 5
646 7 45 6
649 7 149 21
cfl=<frozen importlib._bootstrap_external>
cfn=get_filename:1178
calls=7 1178
649 7 79 11
fn=get_filename:1178
1178 7 40 5
1181 7 39 5
fn=path_stats:1202
1202 7 58 8
1204 7 138 19
cfl=<frozen importlib._bootstrap_external>
cfn=_path_stat:140
calls=7 140
1204 7 280 40
1205 7 56 8
fn=get_data:1183
1183 7 60 8
1185 7 42 6
1186 14 744 53
1187 7 406 58
fn=_classify_pyc:666
666 7 79 11
682 7 64 9
683 7 49 7
687 7 46 6
691 7 230 32
cfl=<frozen importlib._bootstrap_external>
cfn=_unpack_uint32:84
calls=7 84
691 7 133 19
693 7 55 7
696 7 45 6
fn=_unpack_uint32:84
84 21 110 5
86 21 165 7
87 21 240 11
fn=_validate_timestamp_pyc:699
699 7 70 10
718 7 171 24
cfl=<frozen importlib._bootstrap_external>
cfn=_unpack_uint32:84
calls=7 84
718 7 227 32
722 7 55 7
723 7 161 23
cfl=<frozen importlib._bootstrap_external>
cfn=_unpack_uint32:84
calls=7 84
723 7 154 22
fn=_compile_bytecode:751
751 7 68 9
753 7 2150 307
754 7 99 14
755 7 188 26
cfl=<frozen importlib._bootstrap>
cfn=_verbose_message:491
calls=7 491
755 7 248 35
756 7 111 15
757 7 104 14
758 7 47 6
fn=__init__:1276
1276 2 26 13
1277 2 25 12
1278 2 10 5
fn=create_module:1287
1287 2 31 15
1289 4 154 38
cfl=<frozen importlib._bootstrap>
cfn=_call_with_frames_removed:480
calls=2 480
1289 2 5153 2576
1290 2 51 25
1291 4 78 19
cfl=<frozen importlib._bootstrap>
cfn=_verbose_message:491
calls=2 491
1291 2 39 19
1292 2 25 12
1293 2 14 7
fn=exec_module:1295
1295 2 18 9
1297 2 118 59
cfl=<frozen importlib._bootstrap>
cfn=_call_with_frames_removed:480
calls=2 480
1297 2 5777 2888
1298 4 82 20
cfl=<frozen importlib._bootstrap>
cfn=_verbose_message:491
calls=2 491
1298 2 30 15
1299 2 21 10
fl=/usr/lib/python3.12/email/policy.py
fn=header_max_count:100
100 4 71 17
106 4 304 76
cfl=/usr/lib/python3.12/email/headerregistry.py
cfn=__getitem__:590
calls=4 590
106 4 502 125
fn=header_store_parse:131
131 5 78 15
141 5 71 14
143 5 102 20
148 5 181 36
cfl=/usr/lib/python3.12/email/headerregistry.py
cfn=__call__:594
calls=5 594
148 5 30824 6164
fn=header_fetch_parse:150
150 3 50 16
159 3 126 42
cfl=/usr/lib/python3.12/email/headerregistry.py
cfn=name:205
calls=3 205
159 3 70 23
160 3 36 12
fl=./send_reminders.py
fn=<module>:1
0 1 94 94
4 1 58 58
5 1 23 23
6 1 153 153
cfl=<frozen importlib._bootstrap>
cfn=_find_and_load:1349
calls=1 1349
6 1 815736 815736
7 1 29 29
8 1 17 17
10 1 14 14
18 1 17 17
24 1 22 22
37 1 116 116
45 1 113 113
58 1 27 27
73 1 15 15
74 1 158 158
cfl=./send_reminders.py
cfn=main:58
calls=1 58
74 1 301755 301755
fn=dow:18
18 1 6 6
20 1 163 163
cfl=<frozen importlib._bootstrap>
cfn=_find_and_load:1349
calls=1 1349
20 1 81418 81418
cfl=/usr/lib/python3.12/_strptime.py
cfn=_strptime_datetime:551
calls=1 551
20 1 177722 177722
21 1 62 62
fn=message_template:24
24 1 15 15
25 1 31 31
cfl=/usr/lib/python3.12/email/message.py
cfn=__init__:979
calls=1 979
25 1 186 186
26 1 55 55
cfl=./send_reminders.py
cfn=dow:18
calls=1 18
26 1 259373 259373
27 1 61 61
cfl=/usr/lib/python3.12/email/message.py
cfn=__setitem__:421
calls=1 421
27 1 3722 3722
28 2 96 48
cfl=/usr/lib/python3.12/email/message.py
cfn=set_content:1202
calls=1 1202
28 1 37900 37900
30 1 7 7
35 1 10 10
fn=main:58
58 1 20 20
59 1 9 9
62 1 7 7
63 1 10 10
64 1 44 44
cfl=./send_reminders.py
cfn=message_template:24
calls=1 24
64 1 301461 301461
65 1 43 43
67 1 16 16
68 1 140 140
fl=/usr/lib/python3.12/ssl.py
fn=<module>:1
0 1 225 225
4 1 181 181
94 1 159 159
95 1 157 157
96 1 427 427
cfl=<frozen importlib._bootstrap>
cfn=_handle_fromlist:1390
calls=1 1390
96 1 285 285
97 1 161 161
98 1 263 263
100 1 473 473
cfl=<frozen importlib._bootstrap>
cfn=_find_and_load:1349
calls=1 1349
100 1 13072 13072
102 1 190 190
103 1 171 171
104 1 167 167
108 1 207 207
109 1 799 799
110 1 195 195
111 1 186 186
112 1 167 167
114 1 261 261
117 1 187 187
121 1 267 267
123 2 2396 1198
cfl=/usr/lib/python3.12/enum.py
cfn=_convert_:919
calls=1 919
123 1 41060 41060
124 1 165 165
125 1 163 163
126 1 165 165
128 2 1181 590
cfl=/usr/lib/python3.12/enum.py
cfn=_convert_:919
calls=1 919
128 1 79746 79746
129 1 285 285
130 1 303 303
131 1 280 280
133 2 2712 1356
cfl=/usr/lib/python3.12/enum.py
cfn=_convert_:919
calls=1 919
133 1 115878 115878
134 1 346 346
135 1 239 239
136 1 308 308
138 2 1797 898
cfl=/usr/lib/python3.12/enum.py
cfn=_convert_:919
calls=1 919
138 1 54982 54982
139 1 696 696
140 1 849 849
141 1 756 756
143 2 1000 500
cfl=/usr/lib/python3.12/enum.py
cfn=_convert_:919
calls=1 919
143 1 53388 53388
144 1 395 395
145 1 383 383
146 1 359 359
148 2 526 263
cfl=/usr/lib/python3.12/enum.py
cfn=_convert_:919
calls=1 919
148 1 14672 14672
149 1 260 260
150 1 251 251
151 1 236 236
153 1 438 438
cfl=/usr/lib/python3.12/enum.py
cfn=__get__:202
calls=1 202
153 1 146 146
cfl=/usr/lib/python3.12/enum.py
cfn=__setattr__:850
calls=1 850
153 1 133 133
154 7 817 116
cfl=/usr/lib/python3.12/enum.py
cfn=__members__:828
calls=1 828
154 1 123 123
156 1 63 63
159 2 728 364
cfl=/usr/lib/python3.12/enum.py
cfn=_simple_enum:1692
calls=1 1692
159 1 163 163
cfl=/usr/lib/python3.12/enum.py
cfn=convert_class:1708
calls=1 1708
159 1 10955 10955
160 2 401 200
cfl=/usr/lib/python3.12/ssl.py
cfn=TLSVersion:159
calls=1 159
160 1 164 164
170 2 729 364
cfl=/usr/lib/python3.12/enum.py
cfn=_simple_enum:1692
calls=1 1692
170 1 94 94
cfl=/usr/lib/python3.12/enum.py
cfn=convert_class:1708
calls=1 1708
170 1 5783 5783
171 2 531 265
cfl=/usr/lib/python3.12/ssl.py
cfn=_TLSContentType:170
calls=1 170
171 1 176 176
185 2 925 462
cfl=/usr/lib/python3.12/enum.py
cfn=_simple_enum:1692
calls=1 1692
185 1 514 514
cfl=/usr/lib/python3.12/enum.py
cfn=convert_class:1708
calls=1 1708
185 1 45567 45567
186 2 554 277
cfl=/usr/lib/python3.12/ssl.py
cfn=_TLSAlertType:185
calls=1 185
186 1 530 530
227 2 1068 534
cfl=/usr/lib/python3.12/enum.py
cfn=_simple_enum:1692
calls=1 1692
227 1 158 158
cfl=/usr/lib/python3.12/enum.py
cfn=convert_class:1708
calls=1 1708
227 1 30037 30037
228 2 784 392
cfl=/usr/lib/python3.12/ssl.py
cfn=_TLSMessageType:227
calls=1 227
228 1 788 788
257 1 68 68
260 1 137 137
261 1 125 125
262 1 122 122
263 1 132 132
264 1 124 124
265 1 188 188
268 1 140 140
270 1 160 160
272 1 449 449
275 1 207 207
277 1 240 240
280 1 267 267
329 1 232 232
364 1 341 341
376 2 1169 584
cfl=/usr/lib/python3.12/collections/__init__.py
cfn=namedtuple:355
calls=1 355
376 1 5695 5695
377 1 140 140
380 1 176 176
394 1 985 985
cfl=/usr/lib/python3.12/collections/__init__.py
cfn=namedtuple:355
calls=1 355
394 1 3207 3207
cfl=/usr/lib/python3.12/ssl.py
cfn=_ASN1Object:394
calls=1 394
394 1 1824 1824
415 1 1729 1729
cfl=/usr/lib/python3.12/enum.py
cfn=__prepare__:513
calls=1 513
415 1 1857 1857
cfl=/usr/lib/python3.12/ssl.py
cfn=Purpose:415
calls=1 415
415 1 5420 5420
cfl=/usr/lib/python3.12/enum.py
cfn=__new__:528
calls=1 528
415 1 8853 8853
422 1 1929 1929
cfl=/usr/lib/python3.12/ssl.py
cfn=SSLContext:422
calls=1 422
422 1 8229 8229
683 2 1134 567
684 1 724 724
721 2 344 172
722 1 230 230
723 1 293 293
724 1 279 279
776 1 185 185
780 1 275 275
783 1 626 626
cfl=/usr/lib/python3.12/ssl.py
cfn=SSLObject:783
calls=1 783
783 1 1864 1864
938 1 141 141
944 1 767 767
cfl=/usr/lib/python3.12/ssl.py
cfn=SSLSocket:944
calls=1 944
944 1 16380 16380
1392 1 157 157
1393 1 153 153
1398 1 151 151
1428 1 263 263
1429 1 228 228
1431 1 146 146
1441 1 137 137
1454 2 286 143
1455 1 152 152
1476 1 65 65
fn=<lambda>:125
125 252 2173 8
fn=<lambda>:130
130 252 5062 20
fn=<lambda>:135
135 252 1932 7
fn=<lambda>:140
140 252 5019 19
fn=<lambda>:145
145 252 7771 30
fn=<lambda>:150
150 252 1796 7
fn=TLSVersion:159
159 2 124 62
161 1 5 5
162 1 7 7
163 1 5 5
164 1 5 5
165 1 5 5
166 1 4 4
167 1 5 5
fn=_TLSContentType:170
170 2 140 70
172 1 4 4
176 1 6 6
177 1 5 5
178 1 5 5
179 1 4 4
181 1 4 4
182 1 5 5
fn=_TLSAlertType:185
185 2 133 66
187 1 5 5
191 1 7 7
192 1 7 7
193 1 6 6
194 1 24 24
195 1 7 7
196 1 6 6
197 1 6 6
198 1 13 13
199 1 6 6
200 1 6 6
201 1 6 6
202 1 6 6
203 1 6 6
204 1 6 6
205 1 6 6
206 1 6 6
207 1 11 11
208 1 6 6
209 1 6 6
210 1 6 6
211 1 9 9
212 1 6 6
213 1 6 6
214 1 6 6
215 1 6 6
216 1 6 6
217 1 6 6
218 1 6 6
219 1 13 13
220 1 15 15
221 1 122 122
222 1 8 8
223 1 6 6
224 1 7 7
fn=_TLSMessageType:227
227 2 285 142
229 1 11 11
233 1 17 17
234 1 17 17
235 1 14 14
236 1 15 15
237 1 59 59
238 1 20 20
239 1 12 12
240 1 13 13
241 1 21 21
242 1 10 10
243 1 15 15
244 1 21 21
245 1 39 39
246 1 22 22
247 1 17 17
248 1 13 13
249 1 15 15
250 1 24 24
251 1 18 18
252 1 21 21
253 1 60 60
254 1 17 17
fn=_ASN1Object:394
394 2 150 75
395 1 5 5
397 1 7 7
399 1 1488 1488
402 2 82 41
403 2 32 16
408 2 28 14
409 2 28 14
fn=__new__:399
399 4 64 16
400 4 167 41
cfl=<string>_0
cfn=<lambda>:1
calls=4 1
400 4 140 35
fn=Purpose:415
415 2 429 214
cfl=/usr/lib/python3.12/enum.py
cfn=__setitem__:390
calls=2 390
415 2 1584 792
416 1 35 35
cfl=/usr/lib/python3.12/enum.py
cfn=__setitem__:390
calls=1 390
416 1 254 254
418 1 64 64
cfl=/usr/lib/python3.12/enum.py
cfn=__setitem__:390
calls=1 390
418 1 2360 2360
419 1 88 88
cfl=/usr/lib/python3.12/enum.py
cfn=__setitem__:390
calls=1 390
419 1 602 602
fn=SSLContext:422
422 2 380 190
423 1 17 17
425 1 30 30
427 1 29 29
428 1 29 29
430 1 32 32
441 1 29 29
449 2 177 88
450 1 47 47
451 1 77 77
452 1 66 66
465 2 105 52
466 1 68 68
475 1 35 35
491 1 69 69
504 1 52 52
515 1 39 39
529 1 58 58
537 1 65 65
538 2 119 59
539 2 105 52
542 2 56 28
543 2 63 31
548 2 78 39
549 2 91 45
552 2 109 54
553 2 92 46
556 2 90 45
557 2 111 55
560 2 93 46
561 2 114 57
564 1 36 36
565 2 170 85
566 2 95 47
570 2 129 64
571 2 95 47
581 2 178 89
582 2 110 55
620 2 88 44
621 2 87 43
658 2 110 55
659 2 106 53
662 2 93 46
663 2 103 51
666 2 1833 916
667 2 1199 599
670 2 645 322
671 2 304 152
678 2 174 87
679 2 126 63
fn=SSLObject:783
783 2 370 185
784 1 28 28
798 1 47 47
804 2 122 61
805 3 138 46
806 1 52 52
816 2 80 40
817 2 89 44
821 2 83 41
822 2 84 42
825 2 78 39
826 2 73 36
830 2 165 82
831 2 64 32
834 2 24 12
835 2 24 12
839 2 23 11
840 2 22 11
844 2 22 11
845 2 22 11
850 1 9 9
862 1 14 14
870 1 14 14
879 1 27 27
889 1 14 14
895 1 20 20
900 1 14 14
906 1 13 13
911 1 14 14
915 1 15 15
919 1 16 16
923 1 21 21
929 1 23 23
934 1 27 27
fn=_sslcopydoc:938
938 15 724 48
940 15 257 17
941 15 146 9
fn=SSLSocket:944
944 2 241 120
945 1 26 26
949 1 46 46
956 2 130 65
957 3 274 91
958 1 59 59
959 1 59 59
1051 2 168 84
1052 2 386 193
cfl=/usr/lib/python3.12/ssl.py
cfn=_sslcopydoc:938
calls=1 938
1052 1 150 150
1053 2 173 86
1056 2 163 81
1057 2 152 76
1061 2 207 103
1062 2 556 278
cfl=/usr/lib/python3.12/ssl.py
cfn=_sslcopydoc:938
calls=1 938
1062 1 88 88
1063 2 180 90
1067 2 143 71
1068 2 327 163
1073 2 70 35
1074 2 451 225
cfl=/usr/lib/python3.12/ssl.py
cfn=_sslcopydoc:938
calls=1 938
1074 1 40 40
1075 2 74 37
1079 1 26 26
1083 1 121 121
1087 1 3129 3129
1095 1 737 737
1116 1 71 71
1125 2 236 118
cfl=/usr/lib/python3.12/ssl.py
cfn=_sslcopydoc:938
calls=1 938
1125 1 82 82
1126 2 137 68
1131 2 327 163
cfl=/usr/lib/python3.12/ssl.py
cfn=_sslcopydoc:938
calls=1 938
1131 1 90 90
1132 2 298 149
1141 2 282 141
cfl=/usr/lib/python3.12/ssl.py
cfn=_sslcopydoc:938
calls=1 938
1141 1 73 73
1142 2 155 77
1149 2 400 200
cfl=/usr/lib/python3.12/ssl.py
cfn=_sslcopydoc:938
calls=1 938
1149 1 71 71
1150 2 153 76
1157 2 442 221
cfl=/usr/lib/python3.12/ssl.py
cfn=_sslcopydoc:938
calls=1 938
1157 1 78 78
1158 2 209 104
1165 2 184 92
cfl=/usr/lib/python3.12/ssl.py
cfn=_sslcopydoc:938
calls=1 938
1165 1 55 55
1166 2 151 75
1173 1 27 27
1184 1 55 55
1194 1 94 94
1200 1 116 116
1216 1 98 98
1226 1 117 117
1237 1 98 98
1256 1 161 161
1264 1 120 120
1272 1 117 117
1276 1 113 113
1280 2 310 155
cfl=/usr/lib/python3.12/ssl.py
cfn=_sslcopydoc:938
calls=1 938
1280 1 62 62
1281 2 124 62
1288 1 28 28
1293 2 361 180
cfl=/usr/lib/python3.12/ssl.py
cfn=_sslcopydoc:938
calls=1 938
1293 1 75 75
1294 2 180 90
1302 2 319 159
cfl=/usr/lib/python3.12/ssl.py
cfn=_sslcopydoc:938
calls=1 938
1302 1 88 88
1303 2 212 106
1309 1 59 59
1313 2 425 212
cfl=/usr/lib/python3.12/ssl.py
cfn=_sslcopydoc:938
calls=1 938
1313 1 42 42
1314 2 92 46
1324 1 28 28
1350 1 55 55
1355 1 118 118
1360 1 130 130
1372 2 306 153
cfl=/usr/lib/python3.12/ssl.py
cfn=_sslcopydoc:938
calls=1 938
1372 1 92 92
1373 2 130 65
1383 2 191 95
cfl=/usr/lib/python3.12/ssl.py
cfn=_sslcopydoc:938
calls=1 938
1383 1 37 37
1384 2 92 46
fl=/usr/lib/python3.12/email/_header_value_parser.py
fn=get_unstructured:1090
1090 1 15 15
1113 1 69 69
cfl=/usr/lib/python3.12/email/_header_value_parser.py
cfn=__init__:123
calls=1 123
1113 1 32 32
1114 10 86 8
1115 9 77 8
1116 4 108 27
cfl=/usr/lib/python3.12/email/_header_value_parser.py
cfn=get_fws:1029
calls=4 1029
1116 4 293 73
1117 4 46 11
1118 4 36 9
1119 5 53 10
1120 5 51 10
1142 5 96 19
1149 5 59 11
1151 5 157 31
cfl=/usr/lib/python3.12/email/_header_value_parser.py
cfn=__new__:878
calls=5 878
1151 5 202 40
1152 5 160 32
cfl=/usr/lib/python3.12/email/_header_value_parser.py
cfn=_validate_xtext:989
calls=5 989
1152 5 358 71
1153 5 44 8
1154 5 55 11
1155 1 5 5
fn=__init__:123
123 17 202 11
124 17 166 9
125 17 159 9
fn=__new__:878
878 24 258 10
879 24 323 13
880 24 195 8
881 24 182 7
882 24 189 7
fn=_validate_xtext:989
989 12 112 9
992 12 114 9
993 12 98 8
995 12 336 28
cfl=/usr/lib/python3.12/email/utils.py
cfn=_has_surrogates:52
calls=12 52
995 12 352 29
fn=get_fws:1029
1029 5 37 7
1037 5 26 5
1038 5 104 20
cfl=/usr/lib/python3.12/email/_header_value_parser.py
cfn=__new__:878
calls=5 878
1038 5 133 26
1039 5 40 8
fn=__str__:127
127 10 100 10
128 10 628 62
cfl=/usr/lib/python3.12/email/_header_value_parser.py
cfn=<genexpr>:128
calls=36 128
128 36 2012 55
fn=<genexpr>:128
128 72 615 8
cfl=/usr/lib/python3.12/email/_header_value_parser.py
cfn=__str__:127
calls=5 127
128 5 474 94
cfl=/usr/lib/python3.12/email/_header_value_parser.py
cfn=__str__:798
calls=1 798
128 1 1127 1127
fn=parse_content_type_header:2623
2623 2 37 18
2630 2 102 51
cfl=/usr/lib/python3.12/email/_header_value_parser.py
cfn=__init__:123
calls=2 123
2630 2 91 45
2631 2 33 16
2635 2 39 19
2636 2 121 60
cfl=/usr/lib/python3.12/email/_header_value_parser.py
cfn=get_token:2257
calls=2 2257
2636 2 1047 523
2642 2 39 19
2645 2 144 72
2651 2 152 76
cfl=/usr/lib/python3.12/email/_header_value_parser.py
cfn=value:134
calls=2 134
2651 2 532 266
2652 2 110 55
cfl=/usr/lib/python3.12/email/_header_value_parser.py
cfn=__new__:878
calls=2 878
2652 2 134 67
2653 2 50 25
2654 2 37 18
2655 2 101 50
cfl=/usr/lib/python3.12/email/_header_value_parser.py
cfn=get_token:2257
calls=2 2257
2655 2 1020 510
2661 2 32 16
2662 2 134 67
cfl=/usr/lib/python3.12/email/_header_value_parser.py
cfn=value:134
calls=2 134
2662 2 288 144
2663 2 90 45
2664 1 20 20
2665 1 6 6
2675 1 40 40
cfl=/usr/lib/python3.12/email/_header_value_parser.py
cfn=__new__:878
calls=1 878
2675 1 22 22
2676 1 95 95
cfl=/usr/lib/python3.12/email/_header_value_parser.py
cfn=parse_mime_parameters:2555
calls=1 2555
2676 1 3130 3130
2677 1 25 25
fn=get_token:2257
2257 5 80 16
2266 5 187 37
cfl=/usr/lib/python3.12/email/_header_value_parser.py
cfn=__init__:123
calls=5 123
2266 5 166 33
2267 5 69 13
2270 5 62 12
2273 5 198 39
cfl=/usr/lib/python3.12/email/_header_value_parser.py
cfn=get_ttext:2238
calls=5 2238
2273 5 1598 319
2274 5 59 11
2275 5 71 14
2278 5 56 11
fn=get_ttext:2238
2238 5 52 10
2247 5 185 37
2248 5 60 12
2251 5 62 12
2252 5 61 12
2253 5 194 38
cfl=/usr/lib/python3.12/email/_header_value_parser.py
cfn=__new__:878
calls=5 878
2253 5 256 51
2254 5 175 35
cfl=/usr/lib/python3.12/email/_header_value_parser.py
cfn=_validate_xtext:989
calls=5 989
2254 5 495 99
2255 5 53 10
fn=value:134
134 7 111 15
136 7 465 66
cfl=/usr/lib/python3.12/email/_header_value_parser.py
cfn=<genexpr>:136
calls=16 136
136 16 1033 64
fn=<genexpr>:136
136 32 739 23
cfl=/usr/lib/python3.12/email/_header_value_parser.py
cfn=value:927
calls=14 927
136 14 221 15
cfl=/usr/lib/python3.12/email/_header_value_parser.py
cfn=value:186
calls=4 186
136 4 72 18
fn=value:927
927 14 97 6
929 14 123 8
fn=all_defects:138
138 16 228 14
140 16 4143 258
cfl=/usr/lib/python3.12/email/_header_value_parser.py
cfn=<genexpr>:140
calls=43 140
140 43 6015 139
fn=<genexpr>:140
140 86 4346 50
cfl=/usr/lib/python3.12/email/_header_value_parser.py
cfn=all_defects:890
calls=15 890
140 15 297 19
cfl=/usr/lib/python3.12/email/_header_value_parser.py
cfn=all_defects:138
calls=12 138
140 12 5454 454
fn=all_defects:890
890 15 126 8
892 15 171 11
fn=params:815
815 4 39 9
817 10 71 7
818 8 57 7
819 2 31 15
820 2 7 3
fn=parse_mime_parameters:2555
2555 1 17 17
2568 1 28 28
cfl=/usr/lib/python3.12/email/_header_value_parser.py
cfn=__init__:123
calls=1 123
2568 1 37 37
2569 2 27 13
2570 1 8 8
2571 1 203 203
cfl=/usr/lib/python3.12/email/_header_value_parser.py
cfn=get_parameter:2414
calls=1 2414
2571 1 2704 2704
2572 1 28 28
2592 1 36 36
2601 1 25 25
2605 1 13 13
fn=get_parameter:2414
2414 1 34 34
2425 1 53 53
cfl=/usr/lib/python3.12/email/_header_value_parser.py
cfn=__init__:123
calls=1 123
2425 1 30 30
2426 1 67 67
cfl=/usr/lib/python3.12/email/_header_value_parser.py
cfn=get_attribute:2299
calls=1 2299
2426 1 436 436
2427 1 18 18
2428 1 16 16
2432 1 16 16
2445 1 61 61
2447 1 60 60
cfl=/usr/lib/python3.12/email/_header_value_parser.py
cfn=__new__:878
calls=1 878
2447 1 152 152
2448 1 19 19
2449 1 17 17
2452 1 16 16
2453 1 16 16
2454 1 17 17
2491 1 16 16
2494 1 100 100
cfl=/usr/lib/python3.12/email/_header_value_parser.py
cfn=get_value:2392
calls=1 2392
2494 1 1338 1338
2495 1 64 64
2496 1 40 40
2497 1 36 36
2498 1 36 36
2501 1 34 34
fn=get_attribute:2299
2299 1 20 20
2308 1 19 19
cfl=/usr/lib/python3.12/email/_header_value_parser.py
cfn=__init__:123
calls=1 123
2308 1 14 14
2309 1 7 7
2310 1 30 30
cfl=/usr/lib/python3.12/email/_header_value_parser.py
cfn=get_cfws:1273
calls=1 1273
2310 1 138 138
2311 1 12 12
2312 1 6 6
2315 1 25 25
cfl=/usr/lib/python3.12/email/_header_value_parser.py
cfn=get_attrtext:2280
calls=1 2280
2315 1 141 141
2316 1 6 6
2317 1 6 6
2320 1 6 6
fn=get_cfws:1273
1273 1 6 6
1277 1 22 22
cfl=/usr/lib/python3.12/email/_header_value_parser.py
cfn=__init__:123
calls=1 123
1277 1 13 13
1278 2 12 6
1279 1 5 5
1280 1 18 18
cfl=/usr/lib/python3.12/email/_header_value_parser.py
cfn=get_fws:1029
calls=1 1029
1280 1 48 48
1283 1 7 7
1284 1 4 4
fn=get_attrtext:2280
2280 1 6 6
2289 1 8 8
2290 1 6 6
2293 1 11 11
2294 1 6 6
2295 1 16 16
cfl=/usr/lib/python3.12/email/_header_value_parser.py
cfn=__new__:878
calls=1 878
2295 1 20 20
2296 1 16 16
cfl=/usr/lib/python3.12/email/_header_value_parser.py
cfn=_validate_xtext:989
calls=1 989
2296 1 42 42
2297 1 5 5
fn=get_value:2392
2392 1 19 19
2396 1 20 20
cfl=/usr/lib/python3.12/email/_header_value_parser.py
cfn=__init__:123
calls=1 123
2396 1 16 16
2397 1 6 6
2399 1 5 5
2400 1 12 12
2402 1 5 5
2405 1 6 6
2406 1 78 78
cfl=/usr/lib/python3.12/email/_header_value_parser.py
cfn=get_quoted_string:1286
calls=1 1286
2406 1 1112 1112
2409 1 19 19
2411 1 20 20
2412 1 14 14
fn=get_quoted_string:1286
1286 1 12 12
1293 1 18 18
cfl=/usr/lib/python3.12/email/_header_value_parser.py
cfn=__init__:123
calls=1 123
1293 1 14 14
1294 1 6 6
1297 1 67 67
cfl=/usr/lib/python3.12/email/_header_value_parser.py
cfn=get_bare_quoted_string:1205
calls=1 1205
1297 1 951 951
1298 1 16 16
1299 1 12 12
1302 1 13 13
fn=get_bare_quoted_string:1205
1205 1 11 11
1212 1 9 9
1215 1 30 30
cfl=/usr/lib/python3.12/email/_header_value_parser.py
cfn=__init__:123
calls=1 123
1215 1 16 16
1216 1 10 10
1217 1 8 8
1220 2 27 13
1221 1 8 8
1223 1 13 13
1240 1 56 56
cfl=/usr/lib/python3.12/email/_header_value_parser.py
cfn=get_qcontent:1174
calls=1 1174
1240 1 698 698
1241 1 26 26
1242 1 14 14
1246 1 18 18
fn=get_qcontent:1174
1174 1 18 18
1184 1 52 52
cfl=/usr/lib/python3.12/email/_header_value_parser.py
cfn=_get_ptext_to_endchars:999
calls=1 999
1184 1 343 343
1185 1 45 45
cfl=/usr/lib/python3.12/email/_header_value_parser.py
cfn=__new__:878
calls=1 878
1185 1 57 57
1186 1 45 45
cfl=/usr/lib/python3.12/email/_header_value_parser.py
cfn=_validate_xtext:989
calls=1 989
1186 1 117 117
1187 1 17 17
fn=_get_ptext_to_endchars:999
999 1 12 12
1008 1 12 12
1009 1 6 6
1010 1 5 5
1011 1 6 6
1012 6 32 5
1013 6 30 5
1020 6 27 4
1022 6 129 21
1023 1 6 6
1024 5 37 7
1027 1 34 34
fn=__str__:798
798 1 8 8
799 1 8 8
800 2 90 45
cfl=/usr/lib/python3.12/email/_header_value_parser.py
cfn=params:728
calls=2 728
800 2 964 482
801 1 5 5
802 1 24 24
cfl=/usr/lib/python3.12/email/_header_value_parser.py
cfn=quote_string:98
calls=1 98
802 1 13 13
805 1 4 4
806 1 6 6
fn=params:728
728 2 53 26
735 2 33 16
736 4 57 14
737 2 54 27
739 2 38 19
741 2 97 48
cfl=/usr/lib/python3.12/email/_header_value_parser.py
cfn=value:134
calls=2 134
741 2 616 308
742 2 29 14
743 2 25 12
744 2 78 39
cfl=/usr/lib/python3.12/email/_header_value_parser.py
cfn=section_number:666
calls=2 666
744 2 39 19
745 4 48 12
746 2 36 18
747 2 24 12
748 2 24 12
752 2 27 13
759 2 32 16
760 2 24 12
761 4 53 13
762 2 24 12
773 2 23 11
774 2 104 52
cfl=/usr/lib/python3.12/email/_header_value_parser.py
cfn=param_value:672
calls=2 672
774 2 1269 634
775 2 27 13
794 2 25 12
795 2 22 11
796 4 53 13
fn=value:186
186 4 32 8
188 4 40 10
fn=section_number:666
666 2 22 11
670 2 16 8
fn=param_value:672
672 2 27 13
675 6 52 8
676 6 50 8
677 2 55 27
cfl=/usr/lib/python3.12/email/_header_value_parser.py
cfn=stripped_value:712
calls=2 712
677 2 487 243
678 4 596 149
fn=stripped_value:712
712 2 17 8
714 2 20 10
715 2 17 8
717 4 34 8
718 2 82 41
719 2 50 25
cfl=/usr/lib/python3.12/email/_header_value_parser.py
cfn=stripped_value:246
calls=2 246
719 2 264 132
fn=stripped_value:246
246 2 14 7
248 2 16 8
249 2 16 8
250 2 50 25
cfl=/usr/lib/python3.12/email/_header_value_parser.py
cfn=value:260
calls=2 260
250 2 165 82
fn=value:260
260 2 15 7
262 2 91 45
cfl=/usr/lib/python3.12/email/_header_value_parser.py
cfn=<genexpr>:262
calls=4 262
262 4 59 14
fn=<genexpr>:262
262 8 59 7
fn=quote_string:98
98 1 5 5
99 1 7 7
fn=parse_content_transfer_encoding_header:2709
2709 1 36 36
2714 1 59 59
cfl=/usr/lib/python3.12/email/_header_value_parser.py
cfn=__init__:123
calls=1 123
2714 1 53 53
2715 1 20 20
2719 1 17 17
2720 1 52 52
cfl=/usr/lib/python3.12/email/_header_value_parser.py
cfn=get_token:2257
calls=1 2257
2720 1 482 482
2725 1 20 20
2726 1 50 50
cfl=/usr/lib/python3.12/email/_header_value_parser.py
cfn=value:134
calls=1 134
2726 1 172 172
2727 1 18 18
2728 1 15 15
fn=parse_mime_version:2152
2152 1 26 26
2158 1 63 63
cfl=/usr/lib/python3.12/email/_header_value_parser.py
cfn=__init__:123
calls=1 123
2158 1 41 41
2159 1 21 21
2163 1 22 22
2169 1 21 21
2170 2 44 22
2171 1 21 21
2172 1 30 30
2173 1 16 16
2178 1 24 24
2179 1 65 65
cfl=/usr/lib/python3.12/email/_header_value_parser.py
cfn=__new__:878
calls=1 878
2179 1 61 61
2180 1 30 30
2183 1 258 258
2190 1 81 81
cfl=/usr/lib/python3.12/email/_header_value_parser.py
cfn=__new__:878
calls=1 878
2190 1 55 55
2191 1 24 24
2192 1 21 21
2195 1 19 19
2200 1 27 27
2201 2 47 23
2202 1 20 20
2203 1 28 28
2204 1 15 15
2209 1 23 23
2210 1 66 66
cfl=/usr/lib/python3.12/email/_header_value_parser.py
cfn=__new__:878
calls=1 878
2210 1 53 53
2211 1 21 21
2214 1 19 19
2218 1 20 20
fl=/usr/lib/python3.12/email/_parseaddr.py
fn=quote:201
201 1 17 17
208 1 42 42
fl=/usr/lib/python3/dist-packages/_distutils_hack/__init__.py
fn=find_spec:89
89 10 82 8
92 10 93 9
93 1 3 3
95 9 144 16
96 9 83 9
97 9 162 18
cfl=/usr/lib/python3/dist-packages/_distutils_hack/__init__.py
cfn=<lambda>:96
calls=9 96
97 9 87 9
fn=<lambda>:96
96 18 87 4
fl=/usr/lib/python3.12/re/_compiler.py
fn=isstring:570
570 14 110 7
571 14 126 9
fn=compile:740
740 7 75 10
743 7 177 25
cfl=/usr/lib/python3.12/re/_compiler.py
cfn=isstring:570
calls=7 570
743 7 96 13
744 7 59 8
745 7 313 44
cfl=/usr/lib/python3.12/re/_parser.py
cfn=parse:969
calls=7 969
745 7 186661 26665
749 7 166 23
cfl=/usr/lib/python3.12/re/_compiler.py
cfn=_code:573
calls=7 573
749 7 105993 15141
751 7 43 6
756 7 48 6
757 7 147 21
cfl=/usr/lib/python3.12/re/_parser.py
cfn=groups:83
calls=7 83
757 7 75 10
758 10 79 7
759 3 17 5
761 14 108 7
762 7 41 5
763 7 120 17
cfl=/usr/lib/python3.12/re/_parser.py
cfn=groups:83
calls=7 83
763 7 57 8
764 7 44 6
fn=_code:573
573 7 44 6
575 7 33 4
576 7 36 5
579 7 484 69
cfl=/usr/lib/python3.12/re/_compiler.py
cfn=_compile_info:511
calls=7 511
579 7 20226 2889
582 7 587 83
cfl=/usr/lib/python3.12/re/_compiler.py
cfn=_compile:37
calls=7 37
582 7 84496 12070
584 7 46 6
586 7 37 5
fn=_compile_info:511
511 7 54 7
515 7 301 43
cfl=/usr/lib/python3.12/re/_parser.py
cfn=getwidth:178
calls=7 178
515 7 6196 885
516 7 81 11
517 2 94 47
518 7 91 13
522 7 76 10
523 7 76 10
524 7 98 14
525 7 78 11
527 7 311 44
cfl=/usr/lib/python3.12/re/_compiler.py
cfn=_get_literal_prefix:436
calls=7 436
527 7 2331 333
529 7 76 10
530 7 363 51
cfl=/usr/lib/python3.12/re/_compiler.py
cfn=_get_charset_prefix:467
calls=7 467
530 7 2321 331
536 7 66 9
537 7 62 8
538 7 91 13
540 7 56 8
541 7 102 14
545 7 55 7
546 4 38 9
547 7 158 22
549 7 74 10
550 7 64 9
554 7 78 11
556 7 83 11
564 7 83 11
565 4 507 126
cfl=/usr/lib/python3.12/re/_compiler.py
cfn=_optimize_charset:243
calls=4 243
565 4 4976 1244
566 4 177 44
567 4 222 55
cfl=/usr/lib/python3.12/re/_compiler.py
cfn=_compile_charset:216
calls=4 216
567 4 675 168
568 7 93 13
fn=_get_literal_prefix:436
436 9 130 14
438 9 123 13
439 9 116 12
440 9 82 9
441 9 293 32
cfl=/usr/lib/python3.12/re/_compiler.py
cfn=_get_iscased:428
calls=9 428
441 9 447 49
442 9 112 12
443 9 153 17
444 1 5 5
445 1 14 14
447 8 63 7
448 2 22 11
449 2 211 105
cfl=/usr/lib/python3.12/re/_compiler.py
cfn=_combine_flags:31
calls=2 31
449 2 105 52
450 2 30 15
452 2 110 55
cfl=/usr/lib/python3.12/re/_compiler.py
cfn=_get_literal_prefix:436
calls=2 436
452 2 354 177
453 2 30 15
454 2 28 14
455 2 30 15
458 2 26 13
459 2 28 14
460 2 27 13
462 6 47 7
465 9 87 9
fn=_get_iscased:428
428 16 311 19
429 16 245 15
430 11 65 5
431 5 62 12
432 5 61 12
fn=_get_charset_prefix:467
467 7 89 12
468 9 92 10
469 9 86 9
471 9 90 10
472 9 78 8
473 7 53 7
474 2 26 13
475 2 83 41
cfl=/usr/lib/python3.12/re/_compiler.py
cfn=_combine_flags:31
calls=2 31
475 2 64 32
476 2 31 15
479 7 247 35
cfl=/usr/lib/python3.12/re/_compiler.py
cfn=_get_iscased:428
calls=7 428
479 7 298 42
480 7 64 9
481 1 4 4
482 1 7 7
484 6 56 9
485 2 14 7
486 2 15 7
487 8 65 8
488 6 152 25
cfl=/usr/lib/python3.12/re/_parser.py
cfn=__len__:164
calls=6 164
488 6 77 12
490 6 132 22
cfl=/usr/lib/python3.12/re/_parser.py
cfn=__getitem__:168
calls=6 168
490 6 84 14
491 6 42 7
492 6 50 8
495 2 11 5
496 4 37 9
497 2 20 10
498 2 23 11
499 2 51 25
500 1 45 45
503 1 72 72
508 2 30 15
509 2 18 9
fn=_optimize_charset:243
243 22 1050 47
245 22 1028 46
246 22 607 27
247 22 583 26
248 22 489 22
249 81 1397 17
250 59 1124 19
251 59 978 16
252 59 843 14
253 41 442 10
262 41 446 10
263 18 334 18
264 8 259 32
265 8 272 34
266 8 215 26
267 60 3769 62
268 52 2211 42
269 52 1412 27
275 8 191 23
276 8 245 30
280 10 175 17
281 3 87 29
283 7 120 17
306 59 887 15
309 22 651 29
310 22 417 18
311 44 860 19
312 44 1327 30
313 44 809 18
314 20 353 17
315 24 521 21
316 2 17 8
317 2 29 14
318 22 966 43
319 22 1465 66
322 22 431 19
323 22 419 19
325 38 889 23
326 18 307 17
327 9 127 14
329 9 165 18
330 20 569 28
332 20 483 24
333 3 44 14
335 17 555 32
338 2 17 8
339 2 107 53
cfl=/usr/lib/python3.12/re/_compiler.py
cfn=_mk_bitmap:386
calls=2 386
339 2 284 142
340 2 39 19
341 2 171 85
342 2 36 18
fn=_compile_charset:216
216 22 761 34
218 22 337 15
219 52 862 16
220 30 346 11
221 30 346 11
222 3 30 10
223 27 377 13
224 9 78 8
225 18 300 16
226 9 138 15
227 9 154 17
228 9 117 13
229 2 15 7
230 7 101 14
232 7 110 15
233 7 110 15
235 7 97 13
236 7 104 14
241 22 382 17
fn=_compile:37
37 28 2146 76
39 28 951 33
40 28 931 33
41 28 744 26
42 28 772 27
43 28 728 26
44 28 1216 43
45 28 822 29
46 28 756 27
47 28 714 25
48 28 730 26
49 15 522 34
50 15 599 39
51 15 471 31
52 15 619 41
56 84 7854 93
cfl=/usr/lib/python3.12/re/_parser.py
cfn=__getitem__:168
calls=56 168
56 56 3961 70
57 56 1522 27
58 25 670 26
59 13 220 16
60 13 233 17
61 12 311 25
64 12 439 36
65 8 248 31
66 8 261 32
68 4 61 15
69 4 61 15
72 4 61 15
73 4 62 15
74 4 67 16
85 31 834 26
86 18 3012 167
cfl=/usr/lib/python3.12/re/_compiler.py
cfn=_optimize_charset:243
calls=18 243
86 18 26273 1459
87 18 621 34
89 18 1013 56
90 18 2155 119
95 18 577 32
96 18 3001 166
cfl=/usr/lib/python3.12/re/_compiler.py
cfn=_compile_charset:216
calls=18 216
96 18 4099 227
97 18 765 42
98 13 313 24
99 1 12 12
102 1 25 25
103 12 304 25
104 2 32 16
106 2 139 69
cfl=/usr/lib/python3.12/re/_compiler.py
cfn=_simple:398
calls=2 398
106 2 214 107
107 2 45 22
108 2 44 22
109 2 49 24
110 2 44 22
111 2 192 96
cfl=/usr/lib/python3.12/re/_compiler.py
cfn=_compile:37
calls=2 37
111 2 2090 1045
112 2 39 19
113 2 46 23
122 10 276 27
123 5 118 23
124 5 137 27
125 5 140 28
126 5 1524 304
128 5 1188 237
cfl=/usr/lib/python3.12/re/_compiler.py
cfn=_combine_flags:31
calls=5 31
128 5 248 49
cfl=/usr/lib/python3.12/re/_compiler.py
cfn=_compile:37
calls=5 37
128 5 17408 3481
129 5 144 28
130 5 137 27
131 5 133 26
132 5 137 27
143 5 133 26
145 5 133 26
160 5 136 27
161 1 13 13
162 1 25 25
163 1 25 25
164 1 24 24
166 1 24 24
167 1 24 24
168 1 24 24
169 4 116 29
170 4 117 29
171 4 124 31
172 4 122 30
173 18 626 34
174 14 584 41
176 14 3334 238
cfl=/usr/lib/python3.12/re/_compiler.py
cfn=_compile:37
calls=14 37
176 14 52935 3781
177 14 448 32
178 14 381 27
179 14 442 31
180 4 80 20
181 18 371 20
182 14 365 26
fn=_combine_flags:31
31 9 234 26
33 9 94 10
35 9 88 9
fn=_simple:398
398 2 45 22
400 2 63 31
cfl=/usr/lib/python3.12/re/_parser.py
cfn=__len__:164
calls=2 164
400 2 21 10
402 2 33 16
cfl=/usr/lib/python3.12/re/_parser.py
cfn=__getitem__:168
calls=2 168
402 2 29 14
403 2 11 5
405 2 10 5
fn=_mk_bitmap:386
386 2 30 15
387 2 15 7
388 34 150 4
389 18 87 4
fl=/usr/lib/python3.12/email/message.py
fn=__init__:979
979 1 8 8
980 1 20 20
981 1 10 10
982 1 5 5
983 1 30 30
cfl=/usr/lib/python3.12/email/message.py
cfn=__init__:150
calls=1 150
983 1 111 111
fn=__init__:150
150 1 5 5
151 1 7 7
152 1 6 6
153 1 6 6
154 1 5 5
155 1 57 57
157 1 8 8
158 1 7 7
160 1 6 6
fn=__setitem__:421
421 4 69 17
427 4 196 49
cfl=/usr/lib/python3.12/email/policy.py
cfn=header_max_count:100
calls=4 100
427 4 878 219
428 4 64 16
429 4 54 13
430 4 54 13
431 10 128 12
432 6 64 10
437 4 222 55
cfl=/usr/lib/python3.12/email/policy.py
cfn=header_store_parse:131
calls=4 131
437 4 13994 3498
fn=set_content:1202
1202 1 12 12
1203 1 52 52
cfl=/usr/lib/python3.12/email/message.py
cfn=set_content:1130
calls=1 1130
1203 1 34587 34587
1204 1 47 47
cfl=/usr/lib/python3.12/email/message.py
cfn=__contains__:451
calls=1 451
1204 1 107 107
1205 1 43 43
cfl=/usr/lib/python3.12/email/message.py
cfn=__setitem__:421
calls=1 421
1205 1 3050 3050
fn=set_content:1130
1130 1 5 5
1131 1 6 6
1132 1 13 13
1133 1 71 71
cfl=/usr/lib/python3.12/email/contentmanager.py
cfn=set_content:30
calls=1 30
1133 1 34491 34491
fn=get_content_maintype:620
620 1 6 6
626 1 22 22
cfl=/usr/lib/python3.12/email/message.py
cfn=get_content_type:596
calls=1 596
626 1 113 113
627 1 7 7
fn=get_content_type:596
596 1 6 6
609 1 6 6
610 1 23 23
cfl=/usr/lib/python3.12/email/message.py
cfn=get:494
calls=1 494
610 1 35 35
611 1 11 11
613 1 18 18
cfl=/usr/lib/python3.12/email/message.py
cfn=get_default_type:638
calls=1 638
613 1 10 10
fn=get:494
494 4 55 13
500 4 41 10
501 8 79 9
502 7 110 15
503 3 118 39
cfl=/usr/lib/python3.12/email/policy.py
cfn=header_fetch_parse:150
calls=3 150
503 3 283 94
504 1 4 4
fn=get_default_type:638
638 1 5 5
645 1 5 5
fn=clear_content:1194
1194 1 123 123
1195 3 56 18
1196 1 32 32
1197 1 10 10
fn=set_payload:331
331 1 17 17
337 1 364 364
338 1 57 57
339 1 18 18
340 1 15 15
fn=set_param:733
733 1 22 22
751 1 19 19
754 1 59 59
cfl=/usr/lib/python3.12/email/message.py
cfn=__contains__:451
calls=1 451
754 1 97 97
757 1 53 53
cfl=/usr/lib/python3.12/email/message.py
cfn=get:494
calls=1 494
757 1 245 245
758 1 70 70
cfl=/usr/lib/python3.12/email/message.py
cfn=get_param:699
calls=1 699
758 1 1378 1378
759 1 17 17
762 2 48 24
763 1 91 91
cfl=/usr/lib/python3.12/email/message.py
cfn=_formatparam:39
calls=1 39
763 1 290 290
777 1 58 58
cfl=/usr/lib/python3.12/email/message.py
cfn=get:494
calls=1 494
777 1 206 206
778 1 20 20
779 1 115 115
cfl=/usr/lib/python3.12/email/message.py
cfn=replace_header:577
calls=1 577
779 1 17447 17447
fn=__contains__:451
451 3 37 12
452 3 36 12
453 8 91 11
454 7 76 10
455 2 19 9
456 1 9 9
fn=get_param:699
699 1 16 16
723 1 37 37
cfl=/usr/lib/python3.12/email/message.py
cfn=__contains__:451
calls=1 451
723 1 66 66
725 2 117 58
cfl=/usr/lib/python3.12/email/message.py
cfn=_get_params_preserve:656
calls=1 656
725 1 1109 1109
726 1 21 21
731 1 10 10
fn=_get_params_preserve:656
656 1 15 15
659 1 15 15
660 1 41 41
cfl=/usr/lib/python3.12/email/message.py
cfn=get:494
calls=1 494
660 1 205 205
661 1 16 16
663 1 22 22
664 2 85 42
cfl=/usr/lib/python3.12/email/message.py
cfn=_parseparam:73
calls=1 73
664 1 267 267
665 1 14 14
666 1 36 36
669 1 16 16
671 1 15 15
672 1 25 25
673 1 15 15
674 1 81 81
cfl=/usr/lib/python3.12/email/utils.py
cfn=decode_params:393
calls=1 393
674 1 117 117
675 1 114 114
fn=_parseparam:73
73 1 30 30
75 1 19 19
76 1 15 15
77 2 33 16
78 1 15 15
79 1 16 16
80 1 15 15
82 1 15 15
83 1 16 16
84 1 15 15
85 1 20 20
88 1 17 17
89 1 23 23
90 1 11 11
fn=_formatparam:39
39 1 22 22
48 1 17 17
52 1 40 40
58 1 26 26
59 1 20 20
66 1 17 17
67 1 85 85
cfl=/usr/lib/python3.12/email/_parseaddr.py
cfn=quote:201
calls=1 201
67 1 60 60
fn=replace_header:577
577 1 17 17
584 1 14 14
585 2 49 24
586 2 28 14
587 1 48 48
cfl=/usr/lib/python3.12/email/policy.py
cfn=header_store_parse:131
calls=1 131
587 1 17264 17264
588 1 24 24
fl=/usr/lib/python3.12/copy.py
fn=<module>:1
0 1 54 54
1 1 71 71
51 1 50 50
52 1 55 55
53 1 86 86
55 1 221 221
cfl=/usr/lib/python3.12/copy.py
cfn=Error:55
calls=1 55
55 1 99 99
57 1 1352 1352
59 1 94 94
61 1 92 92
100 1 74 74
102 1 78 78
104 21 555 26
105 1 42 42
106 1 42 42
107 1 54 54
108 1 43 43
109 19 485 25
111 1 26 26
112 1 45 45
113 1 45 45
114 1 42 42
116 1 42 42
118 1 44 44
170 1 45 45
172 1 44 44
174 1 57 57
175 1 46 46
176 1 44 44
177 1 46 46
178 1 44 44
179 1 45 45
180 1 117 117
181 1 49 49
182 1 45 45
183 1 45 45
184 1 45 45
185 1 55 55
186 1 46 46
187 1 45 45
188 1 53 53
189 1 82 82
191 1 48 48
198 1 49 49
200 1 46 46
215 1 51 51
217 1 55 55
223 1 46 46
225 1 45 45
227 1 211 211
229 1 164 164
231 1 89 89
247 2 93 46
248 1 52 52
249 1 57 57
292 1 25 25
fn=Error:55
55 2 87 43
56 1 11 11
fl=/usr/lib/python3.12/email/generator.py
fn=<module>:1
0 1 67 67
5 1 81 81
7 1 50 50
9 1 50 50
10 1 53 53
11 1 62 62
12 1 75 75
14 1 262 262
cfl=<frozen importlib._bootstrap>
cfn=_find_and_load:1349
calls=1 1349
14 1 15960 15960
15 1 83 83
16 1 73 73
17 1 99 99
19 1 82 82
20 1 449 449
22 1 328 328
cfl=/usr/lib/python3.12/re/__init__.py
cfn=compile:226
calls=1 226
22 1 22439 22439
23 1 244 244
cfl=/usr/lib/python3.12/re/__init__.py
cfn=compile:226
calls=1 226
23 1 11897 11897
24 1 206 206
cfl=/usr/lib/python3.12/re/__init__.py
cfn=compile:226
calls=1 226
24 1 37305 37305
27 1 671 671
cfl=/usr/lib/python3.12/email/generator.py
cfn=Generator:27
calls=1 27
27 1 3121 3121
406 1 272 272
cfl=/usr/lib/python3.12/email/generator.py
cfn=BytesGenerator:406
calls=1 406
406 1 396 396
456 1 74 74
458 1 355 355
cfl=/usr/lib/python3.12/email/generator.py
cfn=DecodedGenerator:458
calls=1 458
458 1 384 384
516 1 98 98
517 1 85 85
520 1 50 50
fn=Generator:27
27 2 151 75
28 1 27 27
37 2 94 47
38 1 46 46
69 1 27 27
73 1 48 48
122 1 50 50
142 1 356 356
146 1 45 45
150 1 31 31
166 1 30 30
205 1 29 29
225 1 29 29
244 1 28 28
266 1 29 29
268 1 138 138
326 1 61 61
337 1 36 36
358 1 31 31
383 2 118 59
384 2 1516 758
401 2 101 50
402 2 91 45
fn=BytesGenerator:406
406 2 64 32
407 1 7 7
419 1 37 37
422 1 34 34
425 1 104 104
428 1 18 18
436 1 18 18
449 1 19 19
451 2 59 29
452 2 33 16
fn=DecodedGenerator:458
458 2 115 57
459 1 7 7
464 2 212 106
465 1 13 13
494 1 36 36
fl=<frozen zipimport>
fn=__init__:64
64 1 16 16
65 1 49 49
67 1 15 15
69 1 9 9
72 1 8 8
73 1 16 16
74 1 9 9
75 1 53 53
cfl=<frozen importlib._bootstrap_external>
cfn=_path_stat:140
calls=1 140
75 1 493 493
86 1 11 11
88 1 15 15
fl=/usr/lib/python3.12/re/_parser.py
fn=parse:969
969 7 171 24
972 7 240 34
cfl=/usr/lib/python3.12/re/_parser.py
cfn=__init__:231
calls=7 231
972 7 1084 154
974 7 67 9
975 7 199 28
cfl=/usr/lib/python3.12/re/_parser.py
cfn=__init__:77
calls=7 77
975 7 333 47
976 7 55 7
977 7 56 8
979 7 250 35
cfl=/usr/lib/python3.12/re/_parser.py
cfn=_parse_sub:452
calls=7 452
979 7 183691 26241
980 7 142 20
cfl=/usr/lib/python3.12/re/_parser.py
cfn=fix_flags:953
calls=7 953
980 7 207 29
982 7 44 6
986 7 42 6
991 7 36 5
994 7 39 5
fn=__init__:231
231 9 123 13
232 9 68 7
233 9 61 6
234 9 59 6
236 9 52 5
237 9 55 6
238 9 63 7
239 9 215 23
cfl=/usr/lib/python3.12/re/_parser.py
cfn=__next:240
calls=9 240
239 9 586 65
fn=__next:240
240 158 1506 9
241 158 1601 10
242 158 1468 9
243 158 1399 8
244 11 122 11
245 11 133 12
246 11 80 7
247 147 1511 10
248 26 276 10
249 26 189 7
250 26 193 7
254 147 1209 8
255 147 1280 8
fn=__init__:77
77 7 54 7
78 7 61 8
79 7 49 7
80 7 45 6
81 7 45 6
82 7 77 11
fn=_parse_sub:452
452 12 330 27
455 12 140 11
456 12 140 11
457 12 125 10
458 12 387 32
cfl=/usr/lib/python3.12/re/_parser.py
cfn=tell:293
calls=12 293
458 12 216 18
459 22 659 29
460 44 3786 86
cfl=/usr/lib/python3.12/re/_parser.py
cfn=_parse:512
calls=22 512
460 22 178346 8106
461 22 252 11
462 22 1447 65
cfl=/usr/lib/python3.12/re/_parser.py
cfn=match:256
calls=22 256
462 22 2230 101
463 12 131 10
464 10 370 37
465 4 57 14
467 12 134 11
468 8 70 8
470 4 187 46
cfl=/usr/lib/python3.12/re/_parser.py
cfn=__init__:113
calls=4 113
470 4 262 65
473 4 64 16
474 4 59 14
475 10 141 14
476 10 435 43
cfl=/usr/lib/python3.12/re/_parser.py
cfn=__len__:164
calls=10 164
476 10 200 20
478 10 267 26
479 4 425 106
cfl=/usr/lib/python3.12/re/_parser.py
cfn=__getitem__:168
calls=4 168
479 4 211 52
480 6 209 34
cfl=/usr/lib/python3.12/re/_parser.py
cfn=__getitem__:168
calls=6 168
480 6 220 36
481 4 45 11
489 4 61 15
492 4 62 15
493 4 92 23
494 4 148 37
cfl=/usr/lib/python3.12/re/_parser.py
cfn=__len__:164
calls=4 164
494 4 76 19
495 4 59 14
509 4 147 36
cfl=/usr/lib/python3.12/re/_parser.py
cfn=append:176
calls=4 176
509 4 80 20
510 4 41 10
fn=tell:293
293 31 800 25
294 31 316 10
fn=_parse:512
512 22 1140 51
514 22 2623 119
cfl=/usr/lib/python3.12/re/_parser.py
cfn=__init__:113
calls=22 113
514 22 2195 99
517 22 928 42
518 22 899 40
519 22 794 36
520 22 815 37
521 22 796 36
523 74 4355 58
525 74 2755 37
526 74 2684 36
527 7 554 79
528 67 2727 40
529 15 1079 71
530 52 7003 134
cfl=/usr/lib/python3.12/re/_parser.py
cfn=get:261
calls=52 261
530 52 7144 137
532 52 1844 35
543 52 2181 41
544 14 1675 119
cfl=/usr/lib/python3.12/re/_parser.py
cfn=_escape:372
calls=14 372
544 14 1479 105
545 14 1685 120
cfl=/usr/lib/python3.12/re/_parser.py
cfn=append:176
calls=14 176
545 14 710 50
547 38 1291 33
548 17 1904 112
cfl=/usr/lib/python3.12/re/_parser.py
cfn=append:176
calls=17 176
548 17 582 34
550 21 787 37
551 12 1493 124
cfl=/usr/lib/python3.12/re/_parser.py
cfn=tell:293
calls=12 293
551 12 649 54
553 12 468 39
554 12 450 37
557 12 473 39
563 12 1451 120
cfl=/usr/lib/python3.12/re/_parser.py
cfn=match:256
calls=12 256
563 12 921 76
565 41 1655 40
566 41 5387 131
cfl=/usr/lib/python3.12/re/_parser.py
cfn=get:261
calls=41 261
566 41 7130 173
567 41 2323 56
570 41 1600 39
571 12 466 38
572 29 1876 64
573 9 3268 363
cfl=/usr/lib/python3.12/re/_parser.py
cfn=_class_escape:312
calls=9 312
573 9 2079 231
575 20 788 39
586 20 869 43
587 29 4441 153
cfl=/usr/lib/python3.12/re/_parser.py
cfn=match:256
calls=29 256
587 29 2685 92
589 8 1173 146
cfl=/usr/lib/python3.12/re/_parser.py
cfn=get:261
calls=8 261
589 8 1356 169
590 8 385 48
593 8 360 45
599 8 350 43
602 8 947 118
609 8 362 45
610 8 533 66
613 8 479 59
614 8 414 51
615 8 483 60
618 8 550 68
620 21 854 40
622 21 768 36
624 12 1646 137
cfl=/usr/lib/python3.12/re/_parser.py
cfn=_uniq:449
calls=12 449
624 12 741 61
626 12 549 45
633 12 499 41
634 3 226 75
637 12 4402 366
cfl=/usr/lib/python3.12/re/_parser.py
cfn=append:176
calls=12 176
637 12 549 45
639 9 338 37
641 2 156 78
cfl=/usr/lib/python3.12/re/_parser.py
cfn=tell:293
calls=2 293
641 2 50 25
642 2 107 53
644 2 66 33
645 1 38 38
647 1 23 23
648 1 46 46
682 2 235 117
cfl=/usr/lib/python3.12/re/_parser.py
cfn=__len__:164
calls=2 164
682 2 54 27
683 2 185 92
cfl=/usr/lib/python3.12/re/_parser.py
cfn=__getitem__:168
calls=2 168
683 2 168 84
686 2 291 145
cfl=/usr/lib/python3.12/re/_parser.py
cfn=__len__:164
calls=2 164
686 2 49 24
cfl=/usr/lib/python3.12/re/_parser.py
cfn=__getitem__:168
calls=2 168
686 2 86 43
689 2 175 87
cfl=/usr/lib/python3.12/re/_parser.py
cfn=__getitem__:168
calls=2 168
689 2 55 27
692 2 173 86
cfl=/usr/lib/python3.12/re/_parser.py
cfn=__getitem__:168
calls=2 168
692 2 54 27
696 2 177 88
cfl=/usr/lib/python3.12/re/_parser.py
cfn=match:256
calls=2 256
696 2 96 48
699 2 193 96
cfl=/usr/lib/python3.12/re/_parser.py
cfn=match:256
calls=2 256
699 2 62 31
704 2 209 104
cfl=/usr/lib/python3.12/re/_parser.py
cfn=__setitem__:172
calls=2 172
704 2 70 35
706 7 267 38
707 1 98 98
cfl=/usr/lib/python3.12/re/_parser.py
cfn=append:176
calls=1 176
707 1 22 22
709 6 247 41
710 5 560 112
cfl=/usr/lib/python3.12/re/_parser.py
cfn=tell:293
calls=5 293
710 5 200 40
711 5 174 34
712 5 165 33
713 5 207 41
714 5 174 34
715 5 164 32
716 5 1399 279
cfl=/usr/lib/python3.12/re/_parser.py
cfn=match:256
calls=5 256
716 5 560 112
718 3 1096 365
cfl=/usr/lib/python3.12/re/_parser.py
cfn=get:261
calls=3 261
718 3 356 118
719 3 167 55
721 3 128 42
723 3 499 166
cfl=/usr/lib/python3.12/re/_parser.py
cfn=match:256
calls=3 256
723 3 538 179
725 3 477 159
cfl=/usr/lib/python3.12/re/_parser.py
cfn=getuntil:274
calls=3 274
725 3 1087 362
726 3 545 181
cfl=/usr/lib/python3.12/re/_parser.py
cfn=checkgroupname:304
calls=3 304
726 3 181 60
853 5 421 84
854 5 378 75
855 5 892 178
cfl=/usr/lib/python3.12/re/_parser.py
cfn=opengroup:86
calls=5 86
855 5 1040 208
860 5 892 178
862 5 1208 241
cfl=/usr/lib/python3.12/re/_parser.py
cfn=_parse_sub:452
calls=5 452
862 5 100233 20046
863 5 1204 240
cfl=/usr/lib/python3.12/re/_parser.py
cfn=match:256
calls=5 256
863 5 1045 209
866 5 453 90
867 5 959 191
cfl=/usr/lib/python3.12/re/_parser.py
cfn=closegroup:98
calls=5 98
867 5 5832 1166
868 5 359 71
872 5 904 180
cfl=/usr/lib/python3.12/re/_parser.py
cfn=append:176
calls=5 176
872 5 236 47
874 1 155 155
875 1 252 252
cfl=/usr/lib/python3.12/re/_parser.py
cfn=append:176
calls=1 176
875 1 116 116
884 72 10250 142
cfl=/usr/lib/python3.12/re/_parser.py
cfn=__len__:164
calls=22 164
884 22 1065 48
885 50 10500 210
cfl=/usr/lib/python3.12/re/_parser.py
cfn=__getitem__:168
calls=50 168
885 50 2850 57
886 50 3860 77
887 5 253 50
888 5 288 57
891 22 1035 47
fn=__init__:113
113 28 962 34
114 28 258 9
115 28 214 7
116 26 194 7
117 28 208 7
118 28 665 23
fn=get:261
261 111 3888 35
262 111 1025 9
263 111 3371 30
cfl=/usr/lib/python3.12/re/_parser.py
cfn=__next:240
calls=111 240
263 111 7345 66
264 111 885 7
fn=_escape:372
372 14 646 46
374 14 261 18
375 14 170 12
376 6 68 11
377 8 146 18
378 8 92 11
379 8 93 11
fn=append:176
176 54 1716 31
177 54 582 10
fn=__len__:164
164 48 1112 23
165 48 431 8
fn=__getitem__:168
168 132 4355 32
169 132 1502 11
170 2 31 15
cfl=/usr/lib/python3.12/re/_parser.py
cfn=__init__:113
calls=2 113
170 2 46 23
171 130 1785 13
fn=match:256
256 80 2460 30
257 80 838 10
258 32 1070 33
cfl=/usr/lib/python3.12/re/_parser.py
cfn=__next:240
calls=32 240
258 32 2615 81
259 32 421 13
260 48 734 15
fn=fix_flags:953
953 7 43 6
955 7 35 5
956 7 34 4
958 7 31 4
959 7 31 4
967 7 30 4
fn=getwidth:178
178 33 704 21
180 33 428 12
181 5 43 8
182 28 360 12
183 84 967 11
184 56 577 10
185 4 62 15
186 4 53 13
187 18 263 14
188 14 977 69
cfl=/usr/lib/python3.12/re/_parser.py
cfn=getwidth:178
calls=14 178
188 14 6347 453
189 14 250 17
190 14 226 16
191 4 46 11
192 4 52 13
193 52 516 9
197 52 585 11
198 5 299 59
cfl=/usr/lib/python3.12/re/_parser.py
cfn=getwidth:178
calls=5 178
198 5 151 30
199 5 61 12
200 5 58 11
201 47 517 11
202 2 62 31
cfl=/usr/lib/python3.12/re/_parser.py
cfn=getwidth:178
calls=2 178
202 2 172 86
203 2 17 8
204 2 16 8
205 2 16 8
208 45 554 12
209 44 443 10
210 44 2639 59
211 1 5 5
215 1 11 11
225 1 10 10
227 28 409 14
228 28 337 12
fn=groups:83
83 24 152 6
85 24 178 7
fn=_class_escape:312
312 9 404 44
314 9 161 17
315 9 154 17
316 5 102 20
317 4 58 14
318 4 311 77
320 4 77 19
321 4 107 26
322 4 67 16
328 4 62 15
334 4 60 15
342 4 61 15
354 4 67 16
362 4 127 31
364 4 72 18
365 4 67 16
367 4 113 28
fn=_uniq:449
449 12 504 42
450 12 237 19
fn=opengroup:86
86 5 217 43
87 5 190 38
cfl=/usr/lib/python3.12/re/_parser.py
cfn=groups:83
calls=5 83
87 5 108 21
88 5 54 10
89 5 165 33
cfl=/usr/lib/python3.12/re/_parser.py
cfn=groups:83
calls=5 83
89 5 89 17
91 5 50 10
92 3 33 11
93 3 36 12
96 3 33 11
97 5 59 11
fn=__setitem__:172
172 2 61 30
173 2 9 4
fn=closegroup:98
98 5 225 45
99 5 224 44
cfl=/usr/lib/python3.12/re/_parser.py
cfn=getwidth:178
calls=5 178
99 5 5383 1076
fn=parse_template:996
996 2 36 18
999 2 81 40
cfl=/usr/lib/python3.12/re/_parser.py
cfn=__init__:231
calls=2 231
999 2 203 101
1000 2 27 13
1001 2 25 12
1002 2 24 12
1003 2 24 12
1004 2 24 12
1012 2 25 12
1017 2 25 12
1018 7 398 56
1019 7 262 37
cfl=/usr/lib/python3.12/re/_parser.py
cfn=get:261
calls=7 261
1019 7 526 75
1020 7 75 10
1021 2 18 9
1022 5 53 10
1024 3 36 12
1025 3 36 12
1049 3 43 14
1055 3 52 17
1056 1 8 8
1057 1 15 15
1068 1 21 21
1069 1 143 143
cfl=/usr/lib/python3.12/re/_parser.py
cfn=addgroup:1012
calls=1 1012
1069 1 118 118
1071 2 41 20
1072 2 46 23
1076 2 34 17
1078 2 18 9
1079 2 89 44
cfl=/usr/lib/python3.12/re/_parser.py
cfn=addliteral:1004
calls=2 1004
1079 2 58 29
1080 2 26 13
fn=addliteral:1004
1004 3 31 10
1005 3 16 5
1006 3 20 6
1011 3 29 9
fn=addgroup:1012
1012 1 15 15
1013 1 6 6
1015 1 46 46
cfl=/usr/lib/python3.12/re/_parser.py
cfn=addliteral:1004
calls=1 1004
1015 1 39 39
1016 1 10 10
fn=getuntil:274
274 3 136 45
275 3 34 11
276 6 53 8
277 6 50 8
278 6 172 28
cfl=/usr/lib/python3.12/re/_parser.py
cfn=__next:240
calls=6 240
278 6 425 70
279 6 51 8
284 6 63 10
285 3 23 7
287 3 24 8
288 3 27 9
289 3 24 8
fn=checkgroupname:304
304 3 122 40
305 3 27 9
308 3 31 10
fl=/usr/lib/python3.12/calendar.py
fn=__getitem__:121
121 14 176 12
122 14 180 12
123 14 129 9
126 14 593 42
fn=__getitem__:102
102 26 211 8
103 26 259 9
104 26 277 10
107 26 707 27
cfl=/usr/lib/python3.12/calendar.py
cfn=<lambda>:97
calls=2 97
107 2 39 19
fn=<lambda>:97
97 4 39 9
fl=/usr/lib/python3.12/locale.py
fn=getlocale:582
582 3 21 7
595 3 60 20
596 3 30 10
598 3 112 37
cfl=/usr/lib/python3.12/locale.py
cfn=_parse_localename:464
calls=3 464
598 3 1695 565
fn=_parse_localename:464
464 3 41 13
478 3 396 132
cfl=/usr/lib/python3.12/locale.py
cfn=normalize:381
calls=3 381
478 3 1113 371
479 3 37 12
488 3 42 14
490 3 34 11
491 3 29 9
fn=normalize:381
381 3 79 26
398 3 46 15
399 3 42 14
402 3 59 19
405 3 36 12
406 3 35 11
409 3 336 112
410 3 58 19
413 3 45 15
414 3 44 14
418 3 72 24
419 3 47 15
421 3 52 17
422 3 94 31
423 3 61 20
fl=/usr/lib/python3.12/types.py
fn=__init__:192
192 138 6172 44
193 138 1972 14
194 138 1555 11
195 138 1440 10
197 138 1856 13
198 138 1517 10
200 138 1900 13
fl=<string>_0
fn=<module>:1
0 1 59 59
1 1 45 45
fn=<lambda>:1
1 8 140 17
